<?xml version="1.0" encoding="UTF-8"?>
<coverage generated="1698124501917" clover="3.2.0">
  <project timestamp="1698124501917" name="All files">
    <metrics statements="404" coveredstatements="371" conditionals="160" coveredconditionals="124" methods="95" coveredmethods="86" elements="659" coveredelements="581" complexity="0" loc="404" ncloc="404" packages="3" files="10" classes="10"/>
    <package name="src">
      <metrics statements="29" coveredstatements="17" conditionals="18" coveredconditionals="13" methods="4" coveredmethods="2"/>
      <file name="App.js" path="/Users/zhhaolin/Desktop/2023_Fall/Web/HW5/src/App.js">
        <metrics statements="1" coveredstatements="1" conditionals="0" coveredconditionals="0" methods="1" coveredmethods="1"/>
        <line num="15" count="1" type="stmt"/>
      </file>
      <file name="index.js" path="/Users/zhhaolin/Desktop/2023_Fall/Web/HW5/src/index.js">
        <metrics statements="3" coveredstatements="0" conditionals="0" coveredconditionals="0" methods="0" coveredmethods="0"/>
        <line num="12" count="0" type="stmt"/>
        <line num="13" count="0" type="stmt"/>
        <line num="25" count="0" type="stmt"/>
      </file>
      <file name="reducers.js" path="/Users/zhhaolin/Desktop/2023_Fall/Web/HW5/src/reducers.js">
        <metrics statements="17" coveredstatements="16" conditionals="14" coveredconditionals="13" methods="1" coveredmethods="1"/>
        <line num="6" count="4" type="stmt"/>
        <line num="19" count="4" type="cond" truecount="1" falsecount="0"/>
        <line num="20" count="107" type="cond" truecount="12" falsecount="1"/>
        <line num="22" count="0" type="stmt"/>
        <line num="24" count="15" type="stmt"/>
        <line num="26" count="1" type="stmt"/>
        <line num="29" count="23" type="stmt"/>
        <line num="32" count="6" type="stmt"/>
        <line num="35" count="3" type="stmt"/>
        <line num="37" count="11" type="stmt"/>
        <line num="39" count="17" type="stmt"/>
        <line num="41" count="19" type="stmt"/>
        <line num="43" count="1" type="stmt"/>
        <line num="45" count="1" type="stmt"/>
        <line num="47" count="6" type="stmt"/>
        <line num="49" count="4" type="stmt"/>
        <line num="54" count="4" type="stmt"/>
      </file>
      <file name="reportWebVitals.js" path="/Users/zhhaolin/Desktop/2023_Fall/Web/HW5/src/reportWebVitals.js">
        <metrics statements="8" coveredstatements="0" conditionals="4" coveredconditionals="0" methods="2" coveredmethods="0"/>
        <line num="1" count="0" type="stmt"/>
        <line num="2" count="0" type="cond" truecount="0" falsecount="4"/>
        <line num="3" count="0" type="stmt"/>
        <line num="4" count="0" type="stmt"/>
        <line num="5" count="0" type="stmt"/>
        <line num="6" count="0" type="stmt"/>
        <line num="7" count="0" type="stmt"/>
        <line num="8" count="0" type="stmt"/>
      </file>
      <file name="store.js" path="/Users/zhhaolin/Desktop/2023_Fall/Web/HW5/src/store.js">
        <metrics statements="0" coveredstatements="0" conditionals="0" coveredconditionals="0" methods="0" coveredmethods="0"/>
      </file>
    </package>
    <package name="src.actions">
      <metrics statements="24" coveredstatements="24" conditionals="0" coveredconditionals="0" methods="12" coveredmethods="11"/>
      <file name="actionTypes.js" path="/Users/zhhaolin/Desktop/2023_Fall/Web/HW5/src/actions/actionTypes.js">
        <metrics statements="12" coveredstatements="12" conditionals="0" coveredconditionals="0" methods="0" coveredmethods="0"/>
        <line num="2" count="4" type="stmt"/>
        <line num="3" count="4" type="stmt"/>
        <line num="4" count="4" type="stmt"/>
        <line num="5" count="4" type="stmt"/>
        <line num="6" count="4" type="stmt"/>
        <line num="7" count="4" type="stmt"/>
        <line num="8" count="4" type="stmt"/>
        <line num="9" count="4" type="stmt"/>
        <line num="10" count="4" type="stmt"/>
        <line num="11" count="4" type="stmt"/>
        <line num="12" count="4" type="stmt"/>
        <line num="13" count="4" type="stmt"/>
      </file>
      <file name="actions.js" path="/Users/zhhaolin/Desktop/2023_Fall/Web/HW5/src/actions/actions.js">
        <metrics statements="12" coveredstatements="12" conditionals="0" coveredconditionals="0" methods="12" coveredmethods="11"/>
        <line num="5" count="4" type="stmt"/>
        <line num="9" count="15" type="stmt"/>
        <line num="14" count="4" type="stmt"/>
        <line num="19" count="23" type="stmt"/>
        <line num="24" count="4" type="stmt"/>
        <line num="29" count="6" type="stmt"/>
        <line num="34" count="11" type="stmt"/>
        <line num="39" count="17" type="stmt"/>
        <line num="44" count="19" type="stmt"/>
        <line num="49" count="4" type="stmt"/>
        <line num="54" count="4" type="stmt"/>
        <line num="58" count="6" type="stmt"/>
      </file>
    </package>
    <package name="src.components">
      <metrics statements="351" coveredstatements="330" conditionals="142" coveredconditionals="111" methods="79" coveredmethods="73"/>
      <file name="LoginPage.js" path="/Users/zhhaolin/Desktop/2023_Fall/Web/HW5/src/components/LoginPage.js">
        <metrics statements="79" coveredstatements="75" conditionals="27" coveredconditionals="25" methods="14" coveredmethods="13"/>
        <line num="9" count="4" type="stmt"/>
        <line num="10" count="43" type="stmt"/>
        <line num="11" count="43" type="stmt"/>
        <line num="12" count="43" type="stmt"/>
        <line num="13" count="43" type="stmt"/>
        <line num="15" count="43" type="stmt"/>
        <line num="16" count="9" type="stmt"/>
        <line num="17" count="2" type="stmt"/>
        <line num="19" count="2" type="stmt"/>
        <line num="21" count="0" type="stmt"/>
        <line num="24" count="43" type="stmt"/>
        <line num="25" count="8" type="stmt"/>
        <line num="26" count="4" type="cond" truecount="5" falsecount="0"/>
        <line num="29" count="3" type="stmt"/>
        <line num="31" count="3" type="stmt"/>
        <line num="32" count="3" type="stmt"/>
        <line num="33" count="3" type="stmt"/>
        <line num="34" count="3" type="stmt"/>
        <line num="35" count="3" type="stmt"/>
        <line num="38" count="1" type="stmt"/>
        <line num="39" count="1" type="stmt"/>
        <line num="44" count="43" type="stmt"/>
        <line num="57" count="43" type="stmt"/>
        <line num="68" count="43" type="stmt"/>
        <line num="69" count="2" type="cond" truecount="1" falsecount="1"/>
        <line num="72" count="43" type="stmt"/>
        <line num="73" count="27" type="stmt"/>
        <line num="74" count="27" type="stmt"/>
        <line num="75" count="27" type="stmt"/>
        <line num="78" count="43" type="stmt"/>
        <line num="79" count="6" type="stmt"/>
        <line num="81" count="12" type="stmt"/>
        <line num="82" count="6" type="cond" truecount="1" falsecount="1"/>
        <line num="83" count="0" type="stmt"/>
        <line num="84" count="0" type="stmt"/>
        <line num="85" count="0" type="stmt"/>
        <line num="88" count="6" type="cond" truecount="2" falsecount="0"/>
        <line num="89" count="1" type="stmt"/>
        <line num="90" count="1" type="stmt"/>
        <line num="91" count="1" type="stmt"/>
        <line num="94" count="5" type="cond" truecount="2" falsecount="0"/>
        <line num="95" count="2" type="stmt"/>
        <line num="98" count="3" type="cond" truecount="2" falsecount="0"/>
        <line num="99" count="1" type="stmt"/>
        <line num="100" count="1" type="stmt"/>
        <line num="101" count="1" type="stmt"/>
        <line num="104" count="2" type="stmt"/>
        <line num="114" count="2" type="stmt"/>
        <line num="115" count="2" type="stmt"/>
        <line num="116" count="2" type="stmt"/>
        <line num="118" count="2" type="stmt"/>
        <line num="119" count="2" type="stmt"/>
        <line num="122" count="43" type="stmt"/>
        <line num="123" count="5" type="stmt"/>
        <line num="124" count="5" type="stmt"/>
        <line num="125" count="5" type="stmt"/>
        <line num="126" count="5" type="stmt"/>
        <line num="127" count="5" type="cond" truecount="4" falsecount="0"/>
        <line num="128" count="1" type="stmt"/>
        <line num="129" count="1" type="stmt"/>
        <line num="130" count="1" type="stmt"/>
        <line num="132" count="4" type="cond" truecount="2" falsecount="0"/>
        <line num="133" count="1" type="stmt"/>
        <line num="134" count="1" type="stmt"/>
        <line num="135" count="1" type="stmt"/>
        <line num="137" count="3" type="stmt"/>
        <line num="140" count="43" type="stmt"/>
        <line num="142" count="6" type="cond" truecount="2" falsecount="0"/>
        <line num="143" count="1" type="stmt"/>
        <line num="144" count="1" type="stmt"/>
        <line num="146" count="5" type="stmt"/>
        <line num="149" count="43" type="stmt"/>
        <line num="150" count="3" type="cond" truecount="2" falsecount="0"/>
        <line num="151" count="1" type="stmt"/>
        <line num="152" count="1" type="stmt"/>
        <line num="154" count="2" type="stmt"/>
        <line num="157" count="43" type="cond" truecount="2" falsecount="0"/>
        <line num="158" count="18" type="stmt"/>
        <line num="209" count="25" type="stmt"/>
      </file>
      <file name="Profile.js" path="/Users/zhhaolin/Desktop/2023_Fall/Web/HW5/src/components/Profile.js">
        <metrics statements="78" coveredstatements="76" conditionals="42" coveredconditionals="35" methods="16" coveredmethods="15"/>
        <line num="14" count="4" type="stmt"/>
        <line num="15" count="21" type="stmt"/>
        <line num="16" count="21" type="stmt"/>
        <line num="17" count="21" type="stmt"/>
        <line num="18" count="21" type="stmt"/>
        <line num="19" count="21" type="stmt"/>
        <line num="20" count="21" type="stmt"/>
        <line num="21" count="21" type="stmt"/>
        <line num="23" count="21" type="stmt"/>
        <line num="29" count="21" type="stmt"/>
        <line num="30" count="8" type="cond" truecount="2" falsecount="0"/>
        <line num="31" count="7" type="stmt"/>
        <line num="33" count="1" type="stmt"/>
        <line num="34" count="1" type="cond" truecount="1" falsecount="1"/>
        <line num="35" count="1" type="stmt"/>
        <line num="36" count="1" type="stmt"/>
        <line num="37" count="1" type="stmt"/>
        <line num="40" count="8" type="cond" truecount="4" falsecount="0"/>
        <line num="41" count="4" type="stmt"/>
        <line num="43" count="4" type="stmt"/>
        <line num="44" count="4" type="cond" truecount="2" falsecount="0"/>
        <line num="45" count="1" type="stmt"/>
        <line num="46" count="1" type="stmt"/>
        <line num="51" count="21" type="stmt"/>
        <line num="60" count="21" type="stmt"/>
        <line num="69" count="21" type="stmt"/>
        <line num="78" count="21" type="stmt"/>
        <line num="79" count="21" type="stmt"/>
        <line num="80" count="8" type="cond" truecount="3" falsecount="1"/>
        <line num="81" count="8" type="stmt"/>
        <line num="85" count="21" type="cond" truecount="2" falsecount="0"/>
        <line num="86" count="8" type="stmt"/>
        <line num="89" count="13" type="cond" truecount="2" falsecount="0"/>
        <line num="90" count="1" type="stmt"/>
        <line num="91" count="1" type="stmt"/>
        <line num="92" count="1" type="stmt"/>
        <line num="93" count="12" type="cond" truecount="2" falsecount="0"/>
        <line num="94" count="1" type="stmt"/>
        <line num="95" count="1" type="stmt"/>
        <line num="96" count="1" type="stmt"/>
        <line num="98" count="11" type="stmt"/>
        <line num="99" count="11" type="stmt"/>
        <line num="100" count="11" type="stmt"/>
        <line num="102" count="13" type="cond" truecount="2" falsecount="0"/>
        <line num="107" count="2" type="stmt"/>
        <line num="108" count="2" type="stmt"/>
        <line num="111" count="13" type="stmt"/>
        <line num="112" count="2" type="stmt"/>
        <line num="114" count="2" type="cond" truecount="4" falsecount="0"/>
        <line num="115" count="1" type="stmt"/>
        <line num="116" count="1" type="stmt"/>
        <line num="119" count="2" type="cond" truecount="2" falsecount="0"/>
        <line num="120" count="1" type="stmt"/>
        <line num="121" count="1" type="stmt"/>
        <line num="124" count="2" type="stmt"/>
        <line num="127" count="13" type="stmt"/>
        <line num="128" count="1" type="stmt"/>
        <line num="130" count="13" type="stmt"/>
        <line num="131" count="0" type="stmt"/>
        <line num="132" count="0" type="stmt"/>
        <line num="135" count="13" type="stmt"/>
        <line num="136" count="2" type="stmt"/>
        <line num="137" count="2" type="cond" truecount="2" falsecount="0"/>
        <line num="138" count="1" type="stmt"/>
        <line num="146" count="1" type="cond" truecount="1" falsecount="1"/>
        <line num="147" count="1" type="stmt"/>
        <line num="150" count="1" type="cond" truecount="1" falsecount="1"/>
        <line num="151" count="1" type="stmt"/>
        <line num="154" count="1" type="stmt"/>
        <line num="157" count="1" type="stmt"/>
        <line num="169" count="13" type="stmt"/>
        <line num="170" count="5" type="stmt"/>
        <line num="171" count="5" type="stmt"/>
        <line num="175" count="5" type="stmt"/>
        <line num="182" count="13" type="stmt"/>
        <line num="229" count="1" type="stmt"/>
        <line num="232" count="13" type="stmt"/>
        <line num="345" count="10" type="stmt"/>
      </file>
      <file name="mainPage.js" path="/Users/zhhaolin/Desktop/2023_Fall/Web/HW5/src/components/mainPage.js">
        <metrics statements="194" coveredstatements="179" conditionals="73" coveredconditionals="51" methods="49" coveredmethods="45"/>
        <line num="53" count="0" type="stmt"/>
        <line num="56" count="4" type="stmt"/>
        <line num="57" count="4" type="stmt"/>
        <line num="58" count="30" type="stmt"/>
        <line num="59" count="29" type="stmt"/>
        <line num="60" count="29" type="stmt"/>
        <line num="61" count="29" type="stmt"/>
        <line num="62" count="29" type="stmt"/>
        <line num="63" count="29" type="stmt"/>
        <line num="64" count="29" type="stmt"/>
        <line num="65" count="29" type="stmt"/>
        <line num="66" count="29" type="stmt"/>
        <line num="72" count="29" type="stmt"/>
        <line num="95" count="29" type="stmt"/>
        <line num="96" count="12" type="cond" truecount="2" falsecount="0"/>
        <line num="99" count="3" type="cond" truecount="1" falsecount="1"/>
        <line num="100" count="3" type="stmt"/>
        <line num="101" count="3" type="stmt"/>
        <line num="102" count="3" type="stmt"/>
        <line num="103" count="3" type="stmt"/>
        <line num="104" count="3" type="cond" truecount="2" falsecount="0"/>
        <line num="105" count="2" type="stmt"/>
        <line num="108" count="1" type="stmt"/>
        <line num="110" count="0" type="stmt"/>
        <line num="111" count="0" type="stmt"/>
        <line num="112" count="0" type="cond" truecount="0" falsecount="2"/>
        <line num="113" count="0" type="stmt"/>
        <line num="115" count="0" type="cond" truecount="0" falsecount="2"/>
        <line num="116" count="0" type="stmt"/>
        <line num="119" count="3" type="cond" truecount="1" falsecount="1"/>
        <line num="120" count="3" type="stmt"/>
        <line num="122" count="3" type="cond" truecount="1" falsecount="1"/>
        <line num="123" count="3" type="stmt"/>
        <line num="127" count="12" type="cond" truecount="2" falsecount="0"/>
        <line num="129" count="2" type="stmt"/>
        <line num="130" count="2" type="cond" truecount="2" falsecount="0"/>
        <line num="131" count="1" type="stmt"/>
        <line num="132" count="1" type="stmt"/>
        <line num="135" count="1" type="stmt"/>
        <line num="137" count="2" type="stmt"/>
        <line num="139" count="2" type="cond" truecount="3" falsecount="1"/>
        <line num="140" count="2" type="stmt"/>
        <line num="142" count="0" type="stmt"/>
        <line num="143" count="0" type="cond" truecount="0" falsecount="2"/>
        <line num="144" count="0" type="stmt"/>
        <line num="145" count="0" type="stmt"/>
        <line num="151" count="29" type="stmt"/>
        <line num="152" count="12" type="stmt"/>
        <line num="153" count="7" type="stmt"/>
        <line num="156" count="7" type="stmt"/>
        <line num="157" count="7" type="cond" truecount="2" falsecount="0"/>
        <line num="158" count="7" type="stmt"/>
        <line num="159" count="7" type="stmt"/>
        <line num="160" count="7" type="stmt"/>
        <line num="166" count="29" type="stmt"/>
        <line num="167" count="2" type="stmt"/>
        <line num="177" count="2" type="stmt"/>
        <line num="178" count="2" type="stmt"/>
        <line num="182" count="29" type="stmt"/>
        <line num="184" count="29" type="stmt"/>
        <line num="185" count="12" type="stmt"/>
        <line num="186" count="12" type="cond" truecount="2" falsecount="0"/>
        <line num="187" count="5" type="stmt"/>
        <line num="188" count="5" type="stmt"/>
        <line num="189" count="5" type="stmt"/>
        <line num="191" count="7" type="stmt"/>
        <line num="192" count="2" type="stmt"/>
        <line num="194" count="8" type="stmt"/>
        <line num="199" count="2" type="stmt"/>
        <line num="200" count="2" type="stmt"/>
        <line num="201" count="2" type="stmt"/>
        <line num="210" count="29" type="stmt"/>
        <line num="211" count="29" type="stmt"/>
        <line num="212" count="12" type="cond" truecount="2" falsecount="4"/>
        <line num="213" count="12" type="stmt"/>
        <line num="217" count="29" type="cond" truecount="2" falsecount="0"/>
        <line num="218" count="12" type="stmt"/>
        <line num="222" count="17" type="cond" truecount="2" falsecount="0"/>
        <line num="223" count="3" type="stmt"/>
        <line num="224" count="3" type="stmt"/>
        <line num="225" count="3" type="stmt"/>
        <line num="226" count="14" type="cond" truecount="2" falsecount="0"/>
        <line num="227" count="2" type="stmt"/>
        <line num="228" count="2" type="stmt"/>
        <line num="229" count="2" type="stmt"/>
        <line num="230" count="4" type="cond" truecount="1" falsecount="1"/>
        <line num="231" count="2" type="stmt"/>
        <line num="233" count="12" type="stmt"/>
        <line num="234" count="12" type="stmt"/>
        <line num="235" count="12" type="stmt"/>
        <line num="239" count="1" type="stmt"/>
        <line num="247" count="1" type="stmt"/>
        <line num="248" count="1" type="stmt"/>
        <line num="253" count="43" type="stmt"/>
        <line num="254" count="19" type="cond" truecount="1" falsecount="1"/>
        <line num="255" count="19" type="stmt"/>
        <line num="263" count="0" type="stmt"/>
        <line num="280" count="19" type="cond" truecount="2" falsecount="0"/>
        <line num="281" count="19" type="cond" truecount="2" falsecount="0"/>
        <line num="282" count="19" type="stmt"/>
        <line num="283" count="19" type="stmt"/>
        <line num="356" count="24" type="stmt"/>
        <line num="358" count="24" type="stmt"/>
        <line num="359" count="24" type="stmt"/>
        <line num="360" count="24" type="stmt"/>
        <line num="361" count="24" type="stmt"/>
        <line num="362" count="24" type="stmt"/>
        <line num="363" count="24" type="stmt"/>
        <line num="364" count="24" type="stmt"/>
        <line num="365" count="24" type="stmt"/>
        <line num="366" count="24" type="stmt"/>
        <line num="367" count="24" type="stmt"/>
        <line num="369" count="24" type="stmt"/>
        <line num="370" count="2" type="cond" truecount="4" falsecount="0"/>
        <line num="372" count="1" type="stmt"/>
        <line num="373" count="1" type="stmt"/>
        <line num="374" count="1" type="stmt"/>
        <line num="377" count="1" type="stmt"/>
        <line num="378" count="1" type="stmt"/>
        <line num="382" count="24" type="stmt"/>
        <line num="383" count="1" type="stmt"/>
        <line num="386" count="24" type="stmt"/>
        <line num="387" count="0" type="stmt"/>
        <line num="388" count="0" type="stmt"/>
        <line num="391" count="24" type="stmt"/>
        <line num="396" count="24" type="stmt"/>
        <line num="397" count="1" type="stmt"/>
        <line num="398" count="1" type="stmt"/>
        <line num="399" count="1" type="stmt"/>
        <line num="400" count="1" type="stmt"/>
        <line num="401" count="1" type="stmt"/>
        <line num="404" count="24" type="stmt"/>
        <line num="405" count="1" type="cond" truecount="1" falsecount="1"/>
        <line num="406" count="1" type="stmt"/>
        <line num="407" count="1" type="stmt"/>
        <line num="408" count="1" type="stmt"/>
        <line num="413" count="3" type="stmt"/>
        <line num="417" count="24" type="stmt"/>
        <line num="453" count="1" type="stmt"/>
        <line num="485" count="1" type="stmt"/>
        <line num="486" count="1" type="stmt"/>
        <line num="499" count="1" type="stmt"/>
        <line num="500" count="1" type="stmt"/>
        <line num="531" count="1" type="stmt"/>
        <line num="532" count="1" type="stmt"/>
        <line num="533" count="1" type="stmt"/>
        <line num="534" count="1" type="stmt"/>
        <line num="535" count="1" type="stmt"/>
        <line num="536" count="1" type="stmt"/>
        <line num="550" count="18" type="stmt"/>
        <line num="551" count="18" type="stmt"/>
        <line num="553" count="18" type="stmt"/>
        <line num="554" count="2" type="cond" truecount="2" falsecount="0"/>
        <line num="556" count="2" type="stmt"/>
        <line num="557" count="2" type="stmt"/>
        <line num="560" count="1" type="stmt"/>
        <line num="561" count="1" type="stmt"/>
        <line num="563" count="2" type="stmt"/>
        <line num="566" count="18" type="stmt"/>
        <line num="567" count="3" type="stmt"/>
        <line num="568" count="12" type="stmt"/>
        <line num="569" count="12" type="stmt"/>
        <line num="571" count="3" type="cond" truecount="1" falsecount="1"/>
        <line num="573" count="3" type="stmt"/>
        <line num="576" count="18" type="stmt"/>
        <line num="577" count="1" type="stmt"/>
        <line num="578" count="1" type="stmt"/>
        <line num="579" count="1" type="stmt"/>
        <line num="580" count="1" type="cond" truecount="1" falsecount="1"/>
        <line num="581" count="0" type="stmt"/>
        <line num="584" count="18" type="stmt"/>
        <line num="586" count="1" type="cond" truecount="1" falsecount="1"/>
        <line num="587" count="1" type="stmt"/>
        <line num="588" count="1" type="cond" truecount="1" falsecount="1"/>
        <line num="589" count="1" type="stmt"/>
        <line num="590" count="1" type="stmt"/>
        <line num="596" count="18" type="stmt"/>
        <line num="628" count="62" type="stmt"/>
        <line num="634" count="2" type="stmt"/>
        <line num="669" count="51" type="stmt"/>
        <line num="670" count="17" type="stmt"/>
        <line num="671" count="48" type="stmt"/>
        <line num="672" count="21" type="stmt"/>
        <line num="677" count="21" type="cond" truecount="2" falsecount="0"/>
        <line num="678" count="3" type="stmt"/>
        <line num="679" count="3" type="stmt"/>
        <line num="680" count="3" type="stmt"/>
        <line num="681" count="3" type="cond" truecount="3" falsecount="0"/>
        <line num="683" count="18" type="stmt"/>
        <line num="686" count="17" type="stmt"/>
        <line num="688" count="17" type="stmt"/>
        <line num="724" count="1" type="stmt"/>
        <line num="749" count="19" type="stmt"/>
        <line num="773" count="66" type="stmt"/>
      </file>
    </package>
  </project>
</coverage>
