{"/Users/zhhaolin/Desktop/2023_Fall/Web/HW5/src/App.js": {"path":"/Users/zhhaolin/Desktop/2023_Fall/Web/HW5/src/App.js","statementMap":{"0":{"start":{"line":15,"column":4},"end":{"line":23,"column":5}}},"fnMap":{"0":{"name":"App","decl":{"start":{"line":13,"column":9},"end":{"line":13,"column":12}},"loc":{"start":{"line":13,"column":15},"end":{"line":24,"column":1}},"line":13}},"branchMap":{},"s":{"0":1},"f":{"0":1},"b":{},"_coverageSchema":"1a1c01bbd47fc00a2c39e90264f33305004495a9","hash":"7355b8cd0c89fc14e6f48d806004ca77eb896302"}
,"/Users/zhhaolin/Desktop/2023_Fall/Web/HW5/src/index.js": {"path":"/Users/zhhaolin/Desktop/2023_Fall/Web/HW5/src/index.js","statementMap":{"0":{"start":{"line":12,"column":13},"end":{"line":12,"column":65}},"1":{"start":{"line":13,"column":0},"end":{"line":19,"column":2}},"2":{"start":{"line":25,"column":0},"end":{"line":25,"column":18}}},"fnMap":{},"branchMap":{},"s":{"0":0,"1":0,"2":0},"f":{},"b":{}}
,"/Users/zhhaolin/Desktop/2023_Fall/Web/HW5/src/reducers.js": {"path":"/Users/zhhaolin/Desktop/2023_Fall/Web/HW5/src/reducers.js","statementMap":{"0":{"start":{"line":6,"column":21},"end":{"line":17,"column":1}},"1":{"start":{"line":19,"column":20},"end":{"line":51,"column":1}},"2":{"start":{"line":20,"column":4},"end":{"line":50,"column":5}},"3":{"start":{"line":22,"column":12},"end":{"line":22,"column":60}},"4":{"start":{"line":24,"column":12},"end":{"line":24,"column":83}},"5":{"start":{"line":26,"column":12},"end":{"line":26,"column":71}},"6":{"start":{"line":29,"column":12},"end":{"line":29,"column":65}},"7":{"start":{"line":32,"column":12},"end":{"line":32,"column":55}},"8":{"start":{"line":35,"column":12},"end":{"line":35,"column":95}},"9":{"start":{"line":37,"column":12},"end":{"line":37,"column":53}},"10":{"start":{"line":39,"column":12},"end":{"line":39,"column":61}},"11":{"start":{"line":41,"column":12},"end":{"line":41,"column":62}},"12":{"start":{"line":43,"column":12},"end":{"line":43,"column":68}},"13":{"start":{"line":45,"column":12},"end":{"line":45,"column":55}},"14":{"start":{"line":47,"column":12},"end":{"line":47,"column":54}},"15":{"start":{"line":49,"column":12},"end":{"line":49,"column":25}},"16":{"start":{"line":54,"column":14},"end":{"line":56,"column":2}}},"fnMap":{"0":{"name":"(anonymous_0)","decl":{"start":{"line":19,"column":20},"end":{"line":19,"column":21}},"loc":{"start":{"line":19,"column":54},"end":{"line":51,"column":1}},"line":19}},"branchMap":{"0":{"loc":{"start":{"line":19,"column":21},"end":{"line":19,"column":41}},"type":"default-arg","locations":[{"start":{"line":19,"column":29},"end":{"line":19,"column":41}}],"line":19},"1":{"loc":{"start":{"line":20,"column":4},"end":{"line":50,"column":5}},"type":"switch","locations":[{"start":{"line":21,"column":8},"end":{"line":22,"column":60}},{"start":{"line":23,"column":8},"end":{"line":24,"column":83}},{"start":{"line":25,"column":8},"end":{"line":26,"column":71}},{"start":{"line":27,"column":8},"end":{"line":29,"column":65}},{"start":{"line":30,"column":8},"end":{"line":32,"column":55}},{"start":{"line":33,"column":8},"end":{"line":35,"column":95}},{"start":{"line":36,"column":8},"end":{"line":37,"column":53}},{"start":{"line":38,"column":8},"end":{"line":39,"column":61}},{"start":{"line":40,"column":8},"end":{"line":41,"column":62}},{"start":{"line":42,"column":8},"end":{"line":43,"column":68}},{"start":{"line":44,"column":8},"end":{"line":45,"column":55}},{"start":{"line":46,"column":8},"end":{"line":47,"column":54}},{"start":{"line":48,"column":8},"end":{"line":49,"column":25}}],"line":20}},"s":{"0":4,"1":4,"2":107,"3":0,"4":15,"5":1,"6":23,"7":6,"8":3,"9":11,"10":17,"11":19,"12":1,"13":1,"14":6,"15":4,"16":4},"f":{"0":107},"b":{"0":[4],"1":[0,15,1,23,6,3,11,17,19,1,1,6,4]},"_coverageSchema":"1a1c01bbd47fc00a2c39e90264f33305004495a9","hash":"a8bb0982c01ea5ce560df72adca9ae34f4423f5b"}
,"/Users/zhhaolin/Desktop/2023_Fall/Web/HW5/src/reportWebVitals.js": {"path":"/Users/zhhaolin/Desktop/2023_Fall/Web/HW5/src/reportWebVitals.js","statementMap":{"0":{"start":{"line":1,"column":24},"end":{"line":11,"column":1}},"1":{"start":{"line":2,"column":2},"end":{"line":10,"column":3}},"2":{"start":{"line":3,"column":4},"end":{"line":9,"column":7}},"3":{"start":{"line":4,"column":6},"end":{"line":4,"column":26}},"4":{"start":{"line":5,"column":6},"end":{"line":5,"column":26}},"5":{"start":{"line":6,"column":6},"end":{"line":6,"column":26}},"6":{"start":{"line":7,"column":6},"end":{"line":7,"column":26}},"7":{"start":{"line":8,"column":6},"end":{"line":8,"column":27}}},"fnMap":{"0":{"name":"(anonymous_0)","decl":{"start":{"line":1,"column":24},"end":{"line":1,"column":25}},"loc":{"start":{"line":1,"column":39},"end":{"line":11,"column":1}},"line":1},"1":{"name":"(anonymous_1)","decl":{"start":{"line":3,"column":30},"end":{"line":3,"column":31}},"loc":{"start":{"line":3,"column":79},"end":{"line":9,"column":5}},"line":3}},"branchMap":{"0":{"loc":{"start":{"line":2,"column":2},"end":{"line":10,"column":3}},"type":"if","locations":[{"start":{"line":2,"column":2},"end":{"line":10,"column":3}},{"start":{},"end":{}}],"line":2},"1":{"loc":{"start":{"line":2,"column":6},"end":{"line":2,"column":52}},"type":"binary-expr","locations":[{"start":{"line":2,"column":6},"end":{"line":2,"column":17}},{"start":{"line":2,"column":21},"end":{"line":2,"column":52}}],"line":2}},"s":{"0":0,"1":0,"2":0,"3":0,"4":0,"5":0,"6":0,"7":0},"f":{"0":0,"1":0},"b":{"0":[0,0],"1":[0,0]}}
,"/Users/zhhaolin/Desktop/2023_Fall/Web/HW5/src/store.js": {"path":"/Users/zhhaolin/Desktop/2023_Fall/Web/HW5/src/store.js","statementMap":{},"fnMap":{},"branchMap":{},"s":{},"f":{},"b":{}}
,"/Users/zhhaolin/Desktop/2023_Fall/Web/HW5/src/actions/actionTypes.js": {"path":"/Users/zhhaolin/Desktop/2023_Fall/Web/HW5/src/actions/actionTypes.js","statementMap":{"0":{"start":{"line":2,"column":29},"end":{"line":2,"column":44}},"1":{"start":{"line":3,"column":29},"end":{"line":3,"column":44}},"2":{"start":{"line":4,"column":29},"end":{"line":4,"column":44}},"3":{"start":{"line":5,"column":30},"end":{"line":5,"column":46}},"4":{"start":{"line":6,"column":29},"end":{"line":6,"column":44}},"5":{"start":{"line":7,"column":29},"end":{"line":7,"column":44}},"6":{"start":{"line":8,"column":32},"end":{"line":8,"column":50}},"7":{"start":{"line":9,"column":27},"end":{"line":9,"column":40}},"8":{"start":{"line":10,"column":30},"end":{"line":10,"column":46}},"9":{"start":{"line":11,"column":29},"end":{"line":11,"column":44}},"10":{"start":{"line":12,"column":24},"end":{"line":12,"column":34}},"11":{"start":{"line":13,"column":29},"end":{"line":13,"column":44}}},"fnMap":{},"branchMap":{},"s":{"0":4,"1":4,"2":4,"3":4,"4":4,"5":4,"6":4,"7":4,"8":4,"9":4,"10":4,"11":4},"f":{},"b":{},"_coverageSchema":"1a1c01bbd47fc00a2c39e90264f33305004495a9","hash":"89687ccf0cbe932744781b841adbc3d3a5efd5e2"}
,"/Users/zhhaolin/Desktop/2023_Fall/Web/HW5/src/actions/actions.js": {"path":"/Users/zhhaolin/Desktop/2023_Fall/Web/HW5/src/actions/actions.js","statementMap":{"0":{"start":{"line":5,"column":28},"end":{"line":7,"column":2}},"1":{"start":{"line":5,"column":35},"end":{"line":7,"column":1}},"2":{"start":{"line":9,"column":28},"end":{"line":12,"column":2}},"3":{"start":{"line":9,"column":39},"end":{"line":12,"column":1}},"4":{"start":{"line":14,"column":28},"end":{"line":17,"column":2}},"5":{"start":{"line":14,"column":40},"end":{"line":17,"column":1}},"6":{"start":{"line":19,"column":28},"end":{"line":22,"column":2}},"7":{"start":{"line":19,"column":43},"end":{"line":22,"column":1}},"8":{"start":{"line":24,"column":31},"end":{"line":27,"column":2}},"9":{"start":{"line":24,"column":54},"end":{"line":27,"column":1}},"10":{"start":{"line":29,"column":28},"end":{"line":32,"column":2}},"11":{"start":{"line":29,"column":41},"end":{"line":32,"column":1}},"12":{"start":{"line":34,"column":26},"end":{"line":37,"column":2}},"13":{"start":{"line":34,"column":38},"end":{"line":37,"column":1}},"14":{"start":{"line":39,"column":30},"end":{"line":42,"column":2}},"15":{"start":{"line":39,"column":42},"end":{"line":42,"column":1}},"16":{"start":{"line":44,"column":28},"end":{"line":47,"column":2}},"17":{"start":{"line":44,"column":49},"end":{"line":47,"column":1}},"18":{"start":{"line":49,"column":23},"end":{"line":52,"column":2}},"19":{"start":{"line":49,"column":34},"end":{"line":52,"column":1}},"20":{"start":{"line":54,"column":29},"end":{"line":56,"column":2}},"21":{"start":{"line":54,"column":36},"end":{"line":56,"column":1}},"22":{"start":{"line":58,"column":28},"end":{"line":61,"column":2}},"23":{"start":{"line":58,"column":41},"end":{"line":61,"column":1}}},"fnMap":{"0":{"name":"(anonymous_0)","decl":{"start":{"line":5,"column":28},"end":{"line":5,"column":29}},"loc":{"start":{"line":5,"column":35},"end":{"line":7,"column":1}},"line":5},"1":{"name":"(anonymous_1)","decl":{"start":{"line":9,"column":28},"end":{"line":9,"column":29}},"loc":{"start":{"line":9,"column":39},"end":{"line":12,"column":1}},"line":9},"2":{"name":"(anonymous_2)","decl":{"start":{"line":14,"column":28},"end":{"line":14,"column":29}},"loc":{"start":{"line":14,"column":40},"end":{"line":17,"column":1}},"line":14},"3":{"name":"(anonymous_3)","decl":{"start":{"line":19,"column":28},"end":{"line":19,"column":29}},"loc":{"start":{"line":19,"column":43},"end":{"line":22,"column":1}},"line":19},"4":{"name":"(anonymous_4)","decl":{"start":{"line":24,"column":31},"end":{"line":24,"column":32}},"loc":{"start":{"line":24,"column":54},"end":{"line":27,"column":1}},"line":24},"5":{"name":"(anonymous_5)","decl":{"start":{"line":29,"column":28},"end":{"line":29,"column":29}},"loc":{"start":{"line":29,"column":41},"end":{"line":32,"column":1}},"line":29},"6":{"name":"(anonymous_6)","decl":{"start":{"line":34,"column":26},"end":{"line":34,"column":27}},"loc":{"start":{"line":34,"column":38},"end":{"line":37,"column":1}},"line":34},"7":{"name":"(anonymous_7)","decl":{"start":{"line":39,"column":30},"end":{"line":39,"column":31}},"loc":{"start":{"line":39,"column":42},"end":{"line":42,"column":1}},"line":39},"8":{"name":"(anonymous_8)","decl":{"start":{"line":44,"column":28},"end":{"line":44,"column":29}},"loc":{"start":{"line":44,"column":49},"end":{"line":47,"column":1}},"line":44},"9":{"name":"(anonymous_9)","decl":{"start":{"line":49,"column":23},"end":{"line":49,"column":24}},"loc":{"start":{"line":49,"column":34},"end":{"line":52,"column":1}},"line":49},"10":{"name":"(anonymous_10)","decl":{"start":{"line":54,"column":29},"end":{"line":54,"column":30}},"loc":{"start":{"line":54,"column":36},"end":{"line":56,"column":1}},"line":54},"11":{"name":"(anonymous_11)","decl":{"start":{"line":58,"column":28},"end":{"line":58,"column":29}},"loc":{"start":{"line":58,"column":41},"end":{"line":61,"column":1}},"line":58}},"branchMap":{},"s":{"0":4,"1":0,"2":4,"3":15,"4":4,"5":1,"6":4,"7":23,"8":4,"9":3,"10":4,"11":6,"12":4,"13":11,"14":4,"15":17,"16":4,"17":19,"18":4,"19":1,"20":4,"21":1,"22":4,"23":6},"f":{"0":0,"1":15,"2":1,"3":23,"4":3,"5":6,"6":11,"7":17,"8":19,"9":1,"10":1,"11":6},"b":{},"_coverageSchema":"1a1c01bbd47fc00a2c39e90264f33305004495a9","hash":"bc5722e123da9c5eb204820c380d6bb3bc9e44b1"}
,"/Users/zhhaolin/Desktop/2023_Fall/Web/HW5/src/components/LoginPage.js": {"path":"/Users/zhhaolin/Desktop/2023_Fall/Web/HW5/src/components/LoginPage.js","statementMap":{"0":{"start":{"line":9,"column":18},"end":{"line":353,"column":1}},"1":{"start":{"line":10,"column":40},"end":{"line":10,"column":52}},"2":{"start":{"line":11,"column":21},"end":{"line":11,"column":34}},"3":{"start":{"line":12,"column":21},"end":{"line":12,"column":34}},"4":{"start":{"line":13,"column":38},"end":{"line":13,"column":56}},"5":{"start":{"line":15,"column":4},"end":{"line":22,"column":11}},"6":{"start":{"line":16,"column":8},"end":{"line":21,"column":77}},"7":{"start":{"line":17,"column":32},"end":{"line":17,"column":47}},"8":{"start":{"line":19,"column":16},"end":{"line":19,"column":44}},"9":{"start":{"line":21,"column":30},"end":{"line":21,"column":75}},"10":{"start":{"line":24,"column":25},"end":{"line":41,"column":5}},"11":{"start":{"line":25,"column":21},"end":{"line":25,"column":110}},"12":{"start":{"line":25,"column":69},"end":{"line":25,"column":109}},"13":{"start":{"line":26,"column":8},"end":{"line":40,"column":9}},"14":{"start":{"line":29,"column":12},"end":{"line":29,"column":48}},"15":{"start":{"line":31,"column":12},"end":{"line":31,"column":44}},"16":{"start":{"line":32,"column":12},"end":{"line":32,"column":45}},"17":{"start":{"line":33,"column":12},"end":{"line":33,"column":56}},"18":{"start":{"line":34,"column":12},"end":{"line":34,"column":40}},"19":{"start":{"line":35,"column":12},"end":{"line":35,"column":52}},"20":{"start":{"line":38,"column":12},"end":{"line":38,"column":87}},"21":{"start":{"line":39,"column":12},"end":{"line":39,"column":97}},"22":{"start":{"line":44,"column":36},"end":{"line":55,"column":6}},"23":{"start":{"line":57,"column":32},"end":{"line":66,"column":6}},"24":{"start":{"line":68,"column":23},"end":{"line":70,"column":5}},"25":{"start":{"line":69,"column":8},"end":{"line":69,"column":67}},"26":{"start":{"line":72,"column":30},"end":{"line":76,"column":5}},"27":{"start":{"line":73,"column":32},"end":{"line":73,"column":44}},"28":{"start":{"line":74,"column":8},"end":{"line":74,"column":52}},"29":{"start":{"line":75,"column":8},"end":{"line":75,"column":45}},"30":{"start":{"line":78,"column":25},"end":{"line":120,"column":5}},"31":{"start":{"line":79,"column":8},"end":{"line":79,"column":31}},"32":{"start":{"line":81,"column":23},"end":{"line":81,"column":110}},"33":{"start":{"line":81,"column":71},"end":{"line":81,"column":109}},"34":{"start":{"line":82,"column":8},"end":{"line":86,"column":9}},"35":{"start":{"line":83,"column":12},"end":{"line":83,"column":68}},"36":{"start":{"line":84,"column":12},"end":{"line":84,"column":58}},"37":{"start":{"line":85,"column":12},"end":{"line":85,"column":19}},"38":{"start":{"line":88,"column":8},"end":{"line":92,"column":9}},"39":{"start":{"line":89,"column":12},"end":{"line":89,"column":74}},"40":{"start":{"line":90,"column":12},"end":{"line":90,"column":58}},"41":{"start":{"line":91,"column":12},"end":{"line":91,"column":19}},"42":{"start":{"line":94,"column":8},"end":{"line":96,"column":9}},"43":{"start":{"line":95,"column":12},"end":{"line":95,"column":19}},"44":{"start":{"line":98,"column":8},"end":{"line":102,"column":9}},"45":{"start":{"line":99,"column":12},"end":{"line":99,"column":80}},"46":{"start":{"line":100,"column":12},"end":{"line":100,"column":60}},"47":{"start":{"line":101,"column":12},"end":{"line":101,"column":19}},"48":{"start":{"line":104,"column":33},"end":{"line":112,"column":9}},"49":{"start":{"line":114,"column":8},"end":{"line":114,"column":40}},"50":{"start":{"line":115,"column":8},"end":{"line":115,"column":41}},"51":{"start":{"line":116,"column":8},"end":{"line":116,"column":52}},"52":{"start":{"line":118,"column":8},"end":{"line":118,"column":51}},"53":{"start":{"line":119,"column":8},"end":{"line":119,"column":50}},"54":{"start":{"line":122,"column":24},"end":{"line":138,"column":5}},"55":{"start":{"line":123,"column":19},"end":{"line":123,"column":53}},"56":{"start":{"line":124,"column":23},"end":{"line":124,"column":37}},"57":{"start":{"line":125,"column":19},"end":{"line":125,"column":41}},"58":{"start":{"line":126,"column":18},"end":{"line":126,"column":27}},"59":{"start":{"line":127,"column":8},"end":{"line":131,"column":9}},"60":{"start":{"line":128,"column":12},"end":{"line":128,"column":65}},"61":{"start":{"line":129,"column":12},"end":{"line":129,"column":53}},"62":{"start":{"line":130,"column":12},"end":{"line":130,"column":24}},"63":{"start":{"line":132,"column":8},"end":{"line":136,"column":9}},"64":{"start":{"line":133,"column":12},"end":{"line":133,"column":62}},"65":{"start":{"line":134,"column":12},"end":{"line":134,"column":50}},"66":{"start":{"line":135,"column":12},"end":{"line":135,"column":24}},"67":{"start":{"line":137,"column":8},"end":{"line":137,"column":19}},"68":{"start":{"line":140,"column":32},"end":{"line":147,"column":5}},"69":{"start":{"line":142,"column":8},"end":{"line":145,"column":9}},"70":{"start":{"line":143,"column":12},"end":{"line":143,"column":74}},"71":{"start":{"line":144,"column":12},"end":{"line":144,"column":25}},"72":{"start":{"line":146,"column":8},"end":{"line":146,"column":20}},"73":{"start":{"line":149,"column":34},"end":{"line":155,"column":5}},"74":{"start":{"line":150,"column":8},"end":{"line":153,"column":9}},"75":{"start":{"line":151,"column":12},"end":{"line":151,"column":80}},"76":{"start":{"line":152,"column":12},"end":{"line":152,"column":25}},"77":{"start":{"line":154,"column":8},"end":{"line":154,"column":20}},"78":{"start":{"line":157,"column":4},"end":{"line":352,"column":5}},"79":{"start":{"line":158,"column":8},"end":{"line":206,"column":9}},"80":{"start":{"line":209,"column":8},"end":{"line":351,"column":9}}},"fnMap":{"0":{"name":"(anonymous_0)","decl":{"start":{"line":9,"column":18},"end":{"line":9,"column":19}},"loc":{"start":{"line":9,"column":24},"end":{"line":353,"column":1}},"line":9},"1":{"name":"(anonymous_1)","decl":{"start":{"line":15,"column":14},"end":{"line":15,"column":15}},"loc":{"start":{"line":15,"column":20},"end":{"line":22,"column":5}},"line":15},"2":{"name":"(anonymous_2)","decl":{"start":{"line":17,"column":18},"end":{"line":17,"column":19}},"loc":{"start":{"line":17,"column":32},"end":{"line":17,"column":47}},"line":17},"3":{"name":"(anonymous_3)","decl":{"start":{"line":18,"column":18},"end":{"line":18,"column":19}},"loc":{"start":{"line":18,"column":28},"end":{"line":20,"column":13}},"line":18},"4":{"name":"(anonymous_4)","decl":{"start":{"line":21,"column":19},"end":{"line":21,"column":20}},"loc":{"start":{"line":21,"column":30},"end":{"line":21,"column":75}},"line":21},"5":{"name":"(anonymous_5)","decl":{"start":{"line":24,"column":25},"end":{"line":24,"column":26}},"loc":{"start":{"line":24,"column":31},"end":{"line":41,"column":5}},"line":24},"6":{"name":"(anonymous_6)","decl":{"start":{"line":25,"column":59},"end":{"line":25,"column":60}},"loc":{"start":{"line":25,"column":69},"end":{"line":25,"column":109}},"line":25},"7":{"name":"(anonymous_7)","decl":{"start":{"line":68,"column":23},"end":{"line":68,"column":24}},"loc":{"start":{"line":68,"column":29},"end":{"line":70,"column":5}},"line":68},"8":{"name":"(anonymous_8)","decl":{"start":{"line":72,"column":30},"end":{"line":72,"column":31}},"loc":{"start":{"line":72,"column":41},"end":{"line":76,"column":5}},"line":72},"9":{"name":"(anonymous_9)","decl":{"start":{"line":78,"column":25},"end":{"line":78,"column":26}},"loc":{"start":{"line":78,"column":36},"end":{"line":120,"column":5}},"line":78},"10":{"name":"(anonymous_10)","decl":{"start":{"line":81,"column":61},"end":{"line":81,"column":62}},"loc":{"start":{"line":81,"column":71},"end":{"line":81,"column":109}},"line":81},"11":{"name":"(anonymous_11)","decl":{"start":{"line":122,"column":24},"end":{"line":122,"column":25}},"loc":{"start":{"line":122,"column":39},"end":{"line":138,"column":5}},"line":122},"12":{"name":"(anonymous_12)","decl":{"start":{"line":140,"column":32},"end":{"line":140,"column":33}},"loc":{"start":{"line":140,"column":42},"end":{"line":147,"column":5}},"line":140},"13":{"name":"(anonymous_13)","decl":{"start":{"line":149,"column":34},"end":{"line":149,"column":35}},"loc":{"start":{"line":149,"column":65},"end":{"line":155,"column":5}},"line":149}},"branchMap":{"0":{"loc":{"start":{"line":26,"column":8},"end":{"line":40,"column":9}},"type":"if","locations":[{"start":{"line":26,"column":8},"end":{"line":40,"column":9}},{"start":{"line":37,"column":15},"end":{"line":40,"column":9}}],"line":26},"1":{"loc":{"start":{"line":26,"column":12},"end":{"line":26,"column":82}},"type":"binary-expr","locations":[{"start":{"line":26,"column":12},"end":{"line":26,"column":16}},{"start":{"line":26,"column":20},"end":{"line":26,"column":32}},{"start":{"line":26,"column":36},"end":{"line":26,"column":82}}],"line":26},"2":{"loc":{"start":{"line":69,"column":21},"end":{"line":69,"column":65}},"type":"cond-expr","locations":[{"start":{"line":69,"column":46},"end":{"line":69,"column":54}},{"start":{"line":69,"column":57},"end":{"line":69,"column":65}}],"line":69},"3":{"loc":{"start":{"line":82,"column":8},"end":{"line":86,"column":9}},"type":"if","locations":[{"start":{"line":82,"column":8},"end":{"line":86,"column":9}},{"start":{},"end":{}}],"line":82},"4":{"loc":{"start":{"line":88,"column":8},"end":{"line":92,"column":9}},"type":"if","locations":[{"start":{"line":88,"column":8},"end":{"line":92,"column":9}},{"start":{},"end":{}}],"line":88},"5":{"loc":{"start":{"line":94,"column":8},"end":{"line":96,"column":9}},"type":"if","locations":[{"start":{"line":94,"column":8},"end":{"line":96,"column":9}},{"start":{},"end":{}}],"line":94},"6":{"loc":{"start":{"line":98,"column":8},"end":{"line":102,"column":9}},"type":"if","locations":[{"start":{"line":98,"column":8},"end":{"line":102,"column":9}},{"start":{},"end":{}}],"line":98},"7":{"loc":{"start":{"line":127,"column":8},"end":{"line":131,"column":9}},"type":"if","locations":[{"start":{"line":127,"column":8},"end":{"line":131,"column":9}},{"start":{},"end":{}}],"line":127},"8":{"loc":{"start":{"line":127,"column":11},"end":{"line":127,"column":31}},"type":"binary-expr","locations":[{"start":{"line":127,"column":11},"end":{"line":127,"column":19}},{"start":{"line":127,"column":23},"end":{"line":127,"column":31}}],"line":127},"9":{"loc":{"start":{"line":132,"column":8},"end":{"line":136,"column":9}},"type":"if","locations":[{"start":{"line":132,"column":8},"end":{"line":136,"column":9}},{"start":{},"end":{}}],"line":132},"10":{"loc":{"start":{"line":142,"column":8},"end":{"line":145,"column":9}},"type":"if","locations":[{"start":{"line":142,"column":8},"end":{"line":145,"column":9}},{"start":{},"end":{}}],"line":142},"11":{"loc":{"start":{"line":150,"column":8},"end":{"line":153,"column":9}},"type":"if","locations":[{"start":{"line":150,"column":8},"end":{"line":153,"column":9}},{"start":{},"end":{}}],"line":150},"12":{"loc":{"start":{"line":157,"column":4},"end":{"line":352,"column":5}},"type":"if","locations":[{"start":{"line":157,"column":4},"end":{"line":352,"column":5}},{"start":{"line":208,"column":9},"end":{"line":352,"column":5}}],"line":157}},"s":{"0":4,"1":43,"2":43,"3":43,"4":43,"5":43,"6":9,"7":2,"8":2,"9":0,"10":43,"11":4,"12":8,"13":4,"14":3,"15":3,"16":3,"17":3,"18":3,"19":3,"20":1,"21":1,"22":43,"23":43,"24":43,"25":2,"26":43,"27":27,"28":27,"29":27,"30":43,"31":6,"32":6,"33":12,"34":6,"35":0,"36":0,"37":0,"38":6,"39":1,"40":1,"41":1,"42":5,"43":2,"44":3,"45":1,"46":1,"47":1,"48":2,"49":2,"50":2,"51":2,"52":2,"53":2,"54":43,"55":5,"56":5,"57":5,"58":5,"59":5,"60":1,"61":1,"62":1,"63":4,"64":1,"65":1,"66":1,"67":3,"68":43,"69":6,"70":1,"71":1,"72":5,"73":43,"74":3,"75":1,"76":1,"77":2,"78":43,"79":18,"80":25},"f":{"0":43,"1":9,"2":2,"3":2,"4":0,"5":4,"6":8,"7":2,"8":27,"9":6,"10":12,"11":5,"12":6,"13":3},"b":{"0":[3,1],"1":[4,3,3],"2":[2,0],"3":[0,6],"4":[1,5],"5":[2,3],"6":[1,2],"7":[1,4],"8":[5,4],"9":[1,3],"10":[1,5],"11":[1,2],"12":[18,25]},"_coverageSchema":"1a1c01bbd47fc00a2c39e90264f33305004495a9","hash":"a83804e588cbfdb1b4a98aaab497f93e19dcbe83"}
,"/Users/zhhaolin/Desktop/2023_Fall/Web/HW5/src/components/Profile.js": {"path":"/Users/zhhaolin/Desktop/2023_Fall/Web/HW5/src/components/Profile.js","statementMap":{"0":{"start":{"line":14,"column":16},"end":{"line":343,"column":1}},"1":{"start":{"line":15,"column":39},"end":{"line":15,"column":44}},"2":{"start":{"line":16,"column":21},"end":{"line":16,"column":34}},"3":{"start":{"line":17,"column":21},"end":{"line":17,"column":34}},"4":{"start":{"line":18,"column":21},"end":{"line":18,"column":29}},"5":{"start":{"line":19,"column":44},"end":{"line":19,"column":58}},"6":{"start":{"line":20,"column":21},"end":{"line":20,"column":34}},"7":{"start":{"line":21,"column":19},"end":{"line":21,"column":33}},"8":{"start":{"line":23,"column":22},"end":{"line":27,"column":5}},"9":{"start":{"line":29,"column":4},"end":{"line":49,"column":49}},"10":{"start":{"line":30,"column":8},"end":{"line":39,"column":9}},"11":{"start":{"line":31,"column":12},"end":{"line":31,"column":63}},"12":{"start":{"line":33,"column":31},"end":{"line":33,"column":59}},"13":{"start":{"line":34,"column":12},"end":{"line":38,"column":13}},"14":{"start":{"line":35,"column":35},"end":{"line":35,"column":57}},"15":{"start":{"line":36,"column":16},"end":{"line":36,"column":48}},"16":{"start":{"line":37,"column":16},"end":{"line":37,"column":50}},"17":{"start":{"line":40,"column":8},"end":{"line":48,"column":9}},"18":{"start":{"line":41,"column":12},"end":{"line":41,"column":79}},"19":{"start":{"line":43,"column":43},"end":{"line":43,"column":75}},"20":{"start":{"line":44,"column":12},"end":{"line":47,"column":13}},"21":{"start":{"line":45,"column":47},"end":{"line":45,"column":81}},"22":{"start":{"line":46,"column":16},"end":{"line":46,"column":65}},"23":{"start":{"line":51,"column":36},"end":{"line":58,"column":6}},"24":{"start":{"line":60,"column":32},"end":{"line":67,"column":6}},"25":{"start":{"line":69,"column":34},"end":{"line":76,"column":6}},"26":{"start":{"line":78,"column":34},"end":{"line":78,"column":48}},"27":{"start":{"line":79,"column":4},"end":{"line":83,"column":33}},"28":{"start":{"line":80,"column":8},"end":{"line":82,"column":9}},"29":{"start":{"line":81,"column":12},"end":{"line":81,"column":30}},"30":{"start":{"line":85,"column":4},"end":{"line":87,"column":5}},"31":{"start":{"line":86,"column":8},"end":{"line":86,"column":37}},"32":{"start":{"line":89,"column":4},"end":{"line":101,"column":5}},"33":{"start":{"line":90,"column":8},"end":{"line":90,"column":34}},"34":{"start":{"line":91,"column":8},"end":{"line":91,"column":30}},"35":{"start":{"line":92,"column":8},"end":{"line":92,"column":51}},"36":{"start":{"line":93,"column":11},"end":{"line":101,"column":5}},"37":{"start":{"line":94,"column":8},"end":{"line":94,"column":54}},"38":{"start":{"line":95,"column":8},"end":{"line":95,"column":26}},"39":{"start":{"line":96,"column":8},"end":{"line":96,"column":49}},"40":{"start":{"line":98,"column":8},"end":{"line":98,"column":42}},"41":{"start":{"line":99,"column":8},"end":{"line":99,"column":26}},"42":{"start":{"line":100,"column":8},"end":{"line":100,"column":50}},"43":{"start":{"line":102,"column":4},"end":{"line":102,"column":70}},"44":{"start":{"line":102,"column":37},"end":{"line":102,"column":70}},"45":{"start":{"line":107,"column":19},"end":{"line":107,"column":46}},"46":{"start":{"line":108,"column":8},"end":{"line":108,"column":29}},"47":{"start":{"line":111,"column":21},"end":{"line":125,"column":5}},"48":{"start":{"line":112,"column":20},"end":{"line":112,"column":24}},"49":{"start":{"line":114,"column":8},"end":{"line":117,"column":9}},"50":{"start":{"line":115,"column":12},"end":{"line":115,"column":100}},"51":{"start":{"line":115,"column":39},"end":{"line":115,"column":97}},"52":{"start":{"line":116,"column":12},"end":{"line":116,"column":26}},"53":{"start":{"line":119,"column":8},"end":{"line":122,"column":9}},"54":{"start":{"line":120,"column":12},"end":{"line":120,"column":102}},"55":{"start":{"line":120,"column":39},"end":{"line":120,"column":99}},"56":{"start":{"line":121,"column":12},"end":{"line":121,"column":26}},"57":{"start":{"line":124,"column":8},"end":{"line":124,"column":21}},"58":{"start":{"line":127,"column":29},"end":{"line":129,"column":5}},"59":{"start":{"line":128,"column":8},"end":{"line":128,"column":33}},"60":{"start":{"line":130,"column":29},"end":{"line":133,"column":5}},"61":{"start":{"line":131,"column":21},"end":{"line":131,"column":38}},"62":{"start":{"line":132,"column":8},"end":{"line":132,"column":30}},"63":{"start":{"line":135,"column":25},"end":{"line":166,"column":5}},"64":{"start":{"line":136,"column":8},"end":{"line":136,"column":31}},"65":{"start":{"line":137,"column":8},"end":{"line":165,"column":9}},"66":{"start":{"line":138,"column":35},"end":{"line":144,"column":13}},"67":{"start":{"line":146,"column":12},"end":{"line":148,"column":13}},"68":{"start":{"line":147,"column":16},"end":{"line":147,"column":79}},"69":{"start":{"line":150,"column":12},"end":{"line":152,"column":13}},"70":{"start":{"line":151,"column":16},"end":{"line":151,"column":93}},"71":{"start":{"line":154,"column":12},"end":{"line":154,"column":39}},"72":{"start":{"line":157,"column":12},"end":{"line":164,"column":15}},"73":{"start":{"line":169,"column":30},"end":{"line":179,"column":5}},"74":{"start":{"line":170,"column":32},"end":{"line":170,"column":44}},"75":{"start":{"line":171,"column":8},"end":{"line":174,"column":12}},"76":{"start":{"line":171,"column":35},"end":{"line":174,"column":9}},"77":{"start":{"line":175,"column":8},"end":{"line":178,"column":12}},"78":{"start":{"line":175,"column":35},"end":{"line":178,"column":9}},"79":{"start":{"line":182,"column":8},"end":{"line":225,"column":9}},"80":{"start":{"line":229,"column":8},"end":{"line":229,"column":47}},"81":{"start":{"line":232,"column":4},"end":{"line":342,"column":5}},"82":{"start":{"line":345,"column":24},"end":{"line":348,"column":2}},"83":{"start":{"line":345,"column":36},"end":{"line":348,"column":1}}},"fnMap":{"0":{"name":"(anonymous_0)","decl":{"start":{"line":14,"column":16},"end":{"line":14,"column":17}},"loc":{"start":{"line":14,"column":27},"end":{"line":343,"column":1}},"line":14},"1":{"name":"(anonymous_1)","decl":{"start":{"line":29,"column":14},"end":{"line":29,"column":15}},"loc":{"start":{"line":29,"column":20},"end":{"line":49,"column":5}},"line":29},"2":{"name":"(anonymous_2)","decl":{"start":{"line":79,"column":14},"end":{"line":79,"column":15}},"loc":{"start":{"line":79,"column":20},"end":{"line":83,"column":5}},"line":79},"3":{"name":"validateName","decl":{"start":{"line":106,"column":13},"end":{"line":106,"column":25}},"loc":{"start":{"line":106,"column":32},"end":{"line":109,"column":5}},"line":106},"4":{"name":"(anonymous_4)","decl":{"start":{"line":111,"column":21},"end":{"line":111,"column":22}},"loc":{"start":{"line":111,"column":27},"end":{"line":125,"column":5}},"line":111},"5":{"name":"(anonymous_5)","decl":{"start":{"line":115,"column":22},"end":{"line":115,"column":23}},"loc":{"start":{"line":115,"column":39},"end":{"line":115,"column":97}},"line":115},"6":{"name":"(anonymous_6)","decl":{"start":{"line":120,"column":22},"end":{"line":120,"column":23}},"loc":{"start":{"line":120,"column":39},"end":{"line":120,"column":99}},"line":120},"7":{"name":"(anonymous_7)","decl":{"start":{"line":127,"column":29},"end":{"line":127,"column":30}},"loc":{"start":{"line":127,"column":35},"end":{"line":129,"column":5}},"line":127},"8":{"name":"(anonymous_8)","decl":{"start":{"line":130,"column":29},"end":{"line":130,"column":30}},"loc":{"start":{"line":130,"column":36},"end":{"line":133,"column":5}},"line":130},"9":{"name":"(anonymous_9)","decl":{"start":{"line":135,"column":25},"end":{"line":135,"column":26}},"loc":{"start":{"line":135,"column":36},"end":{"line":166,"column":5}},"line":135},"10":{"name":"(anonymous_10)","decl":{"start":{"line":169,"column":30},"end":{"line":169,"column":31}},"loc":{"start":{"line":169,"column":41},"end":{"line":179,"column":5}},"line":169},"11":{"name":"(anonymous_11)","decl":{"start":{"line":171,"column":20},"end":{"line":171,"column":21}},"loc":{"start":{"line":171,"column":35},"end":{"line":174,"column":9}},"line":171},"12":{"name":"(anonymous_12)","decl":{"start":{"line":175,"column":18},"end":{"line":175,"column":19}},"loc":{"start":{"line":175,"column":35},"end":{"line":178,"column":9}},"line":175},"13":{"name":"CurrentInfo","decl":{"start":{"line":181,"column":13},"end":{"line":181,"column":24}},"loc":{"start":{"line":181,"column":27},"end":{"line":226,"column":5}},"line":181},"14":{"name":"backToMain","decl":{"start":{"line":228,"column":13},"end":{"line":228,"column":23}},"loc":{"start":{"line":228,"column":26},"end":{"line":230,"column":5}},"line":228},"15":{"name":"(anonymous_15)","decl":{"start":{"line":345,"column":24},"end":{"line":345,"column":25}},"loc":{"start":{"line":345,"column":36},"end":{"line":348,"column":1}},"line":345}},"branchMap":{"0":{"loc":{"start":{"line":30,"column":8},"end":{"line":39,"column":9}},"type":"if","locations":[{"start":{"line":30,"column":8},"end":{"line":39,"column":9}},{"start":{"line":32,"column":15},"end":{"line":39,"column":9}}],"line":30},"1":{"loc":{"start":{"line":34,"column":12},"end":{"line":38,"column":13}},"type":"if","locations":[{"start":{"line":34,"column":12},"end":{"line":38,"column":13}},{"start":{},"end":{}}],"line":34},"2":{"loc":{"start":{"line":40,"column":8},"end":{"line":48,"column":9}},"type":"if","locations":[{"start":{"line":40,"column":8},"end":{"line":48,"column":9}},{"start":{"line":42,"column":15},"end":{"line":48,"column":9}}],"line":40},"3":{"loc":{"start":{"line":40,"column":12},"end":{"line":40,"column":74}},"type":"binary-expr","locations":[{"start":{"line":40,"column":12},"end":{"line":40,"column":28}},{"start":{"line":40,"column":32},"end":{"line":40,"column":74}}],"line":40},"4":{"loc":{"start":{"line":44,"column":12},"end":{"line":47,"column":13}},"type":"if","locations":[{"start":{"line":44,"column":12},"end":{"line":47,"column":13}},{"start":{},"end":{}}],"line":44},"5":{"loc":{"start":{"line":80,"column":8},"end":{"line":82,"column":9}},"type":"if","locations":[{"start":{"line":80,"column":8},"end":{"line":82,"column":9}},{"start":{},"end":{}}],"line":80},"6":{"loc":{"start":{"line":80,"column":12},"end":{"line":80,"column":54}},"type":"binary-expr","locations":[{"start":{"line":80,"column":12},"end":{"line":80,"column":25}},{"start":{"line":80,"column":29},"end":{"line":80,"column":54}}],"line":80},"7":{"loc":{"start":{"line":85,"column":4},"end":{"line":87,"column":5}},"type":"if","locations":[{"start":{"line":85,"column":4},"end":{"line":87,"column":5}},{"start":{},"end":{}}],"line":85},"8":{"loc":{"start":{"line":89,"column":4},"end":{"line":101,"column":5}},"type":"if","locations":[{"start":{"line":89,"column":4},"end":{"line":101,"column":5}},{"start":{"line":93,"column":11},"end":{"line":101,"column":5}}],"line":89},"9":{"loc":{"start":{"line":93,"column":11},"end":{"line":101,"column":5}},"type":"if","locations":[{"start":{"line":93,"column":11},"end":{"line":101,"column":5}},{"start":{"line":97,"column":11},"end":{"line":101,"column":5}}],"line":93},"10":{"loc":{"start":{"line":102,"column":4},"end":{"line":102,"column":70}},"type":"if","locations":[{"start":{"line":102,"column":4},"end":{"line":102,"column":70}},{"start":{},"end":{}}],"line":102},"11":{"loc":{"start":{"line":114,"column":8},"end":{"line":117,"column":9}},"type":"if","locations":[{"start":{"line":114,"column":8},"end":{"line":117,"column":9}},{"start":{},"end":{}}],"line":114},"12":{"loc":{"start":{"line":114,"column":12},"end":{"line":114,"column":65}},"type":"binary-expr","locations":[{"start":{"line":114,"column":12},"end":{"line":114,"column":29}},{"start":{"line":114,"column":33},"end":{"line":114,"column":65}}],"line":114},"13":{"loc":{"start":{"line":119,"column":8},"end":{"line":122,"column":9}},"type":"if","locations":[{"start":{"line":119,"column":8},"end":{"line":122,"column":9}},{"start":{},"end":{}}],"line":119},"14":{"loc":{"start":{"line":137,"column":8},"end":{"line":165,"column":9}},"type":"if","locations":[{"start":{"line":137,"column":8},"end":{"line":165,"column":9}},{"start":{},"end":{}}],"line":137},"15":{"loc":{"start":{"line":140,"column":20},"end":{"line":140,"column":72}},"type":"binary-expr","locations":[{"start":{"line":140,"column":20},"end":{"line":140,"column":37}},{"start":{"line":140,"column":41},"end":{"line":140,"column":72}}],"line":140},"16":{"loc":{"start":{"line":141,"column":20},"end":{"line":141,"column":63}},"type":"binary-expr","locations":[{"start":{"line":141,"column":20},"end":{"line":141,"column":34}},{"start":{"line":141,"column":38},"end":{"line":141,"column":63}}],"line":141},"17":{"loc":{"start":{"line":142,"column":20},"end":{"line":142,"column":63}},"type":"binary-expr","locations":[{"start":{"line":142,"column":20},"end":{"line":142,"column":34}},{"start":{"line":142,"column":38},"end":{"line":142,"column":63}}],"line":142},"18":{"loc":{"start":{"line":143,"column":20},"end":{"line":143,"column":69}},"type":"binary-expr","locations":[{"start":{"line":143,"column":20},"end":{"line":143,"column":36}},{"start":{"line":143,"column":40},"end":{"line":143,"column":69}}],"line":143},"19":{"loc":{"start":{"line":146,"column":12},"end":{"line":148,"column":13}},"type":"if","locations":[{"start":{"line":146,"column":12},"end":{"line":148,"column":13}},{"start":{},"end":{}}],"line":146},"20":{"loc":{"start":{"line":150,"column":12},"end":{"line":152,"column":13}},"type":"if","locations":[{"start":{"line":150,"column":12},"end":{"line":152,"column":13}},{"start":{},"end":{}}],"line":150}},"s":{"0":4,"1":21,"2":21,"3":21,"4":21,"5":21,"6":21,"7":21,"8":21,"9":21,"10":8,"11":7,"12":1,"13":1,"14":1,"15":1,"16":1,"17":8,"18":4,"19":4,"20":4,"21":1,"22":1,"23":21,"24":21,"25":21,"26":21,"27":21,"28":8,"29":8,"30":21,"31":8,"32":13,"33":1,"34":1,"35":1,"36":12,"37":1,"38":1,"39":1,"40":11,"41":11,"42":11,"43":13,"44":6,"45":2,"46":2,"47":13,"48":2,"49":2,"50":1,"51":1,"52":1,"53":2,"54":1,"55":1,"56":1,"57":2,"58":13,"59":1,"60":13,"61":0,"62":0,"63":13,"64":2,"65":2,"66":1,"67":1,"68":1,"69":1,"70":1,"71":1,"72":1,"73":13,"74":5,"75":5,"76":5,"77":5,"78":5,"79":13,"80":1,"81":13,"82":4,"83":10},"f":{"0":21,"1":8,"2":8,"3":2,"4":2,"5":1,"6":1,"7":1,"8":0,"9":2,"10":5,"11":5,"12":5,"13":13,"14":1,"15":10},"b":{"0":[7,1],"1":[1,0],"2":[4,4],"3":[8,8],"4":[1,3],"5":[8,0],"6":[8,1],"7":[8,13],"8":[1,12],"9":[1,11],"10":[6,7],"11":[1,1],"12":[2,2],"13":[1,1],"14":[1,1],"15":[1,1],"16":[1,0],"17":[1,0],"18":[1,0],"19":[1,0],"20":[1,0]},"_coverageSchema":"1a1c01bbd47fc00a2c39e90264f33305004495a9","hash":"0ef4ccb1a27270c577e1e6ba8445728f3ec12387"}
,"/Users/zhhaolin/Desktop/2023_Fall/Web/HW5/src/components/mainPage.js": {"path":"/Users/zhhaolin/Desktop/2023_Fall/Web/HW5/src/components/mainPage.js","statementMap":{"0":{"start":{"line":53,"column":4},"end":{"line":53,"column":16}},"1":{"start":{"line":56,"column":0},"end":{"line":56,"column":61}},"2":{"start":{"line":57,"column":17},"end":{"line":771,"column":1}},"3":{"start":{"line":58,"column":39},"end":{"line":58,"column":44}},"4":{"start":{"line":59,"column":40},"end":{"line":59,"column":52}},"5":{"start":{"line":60,"column":21},"end":{"line":60,"column":34}},"6":{"start":{"line":61,"column":19},"end":{"line":61,"column":33}},"7":{"start":{"line":62,"column":21},"end":{"line":62,"column":34}},"8":{"start":{"line":63,"column":21},"end":{"line":63,"column":34}},"9":{"start":{"line":64,"column":48},"end":{"line":64,"column":60}},"10":{"start":{"line":65,"column":40},"end":{"line":65,"column":52}},"11":{"start":{"line":66,"column":22},"end":{"line":70,"column":5}},"12":{"start":{"line":72,"column":21},"end":{"line":93,"column":5}},"13":{"start":{"line":95,"column":4},"end":{"line":149,"column":49}},"14":{"start":{"line":96,"column":8},"end":{"line":125,"column":9}},"15":{"start":{"line":99,"column":12},"end":{"line":118,"column":13}},"16":{"start":{"line":100,"column":16},"end":{"line":100,"column":32}},"17":{"start":{"line":101,"column":16},"end":{"line":101,"column":49}},"18":{"start":{"line":102,"column":16},"end":{"line":102,"column":67}},"19":{"start":{"line":103,"column":36},"end":{"line":103,"column":66}},"20":{"start":{"line":104,"column":16},"end":{"line":108,"column":40}},"21":{"start":{"line":105,"column":20},"end":{"line":105,"column":92}},"22":{"start":{"line":108,"column":20},"end":{"line":108,"column":40}},"23":{"start":{"line":110,"column":35},"end":{"line":110,"column":63}},"24":{"start":{"line":111,"column":37},"end":{"line":111,"column":67}},"25":{"start":{"line":112,"column":16},"end":{"line":114,"column":17}},"26":{"start":{"line":113,"column":20},"end":{"line":113,"column":54}},"27":{"start":{"line":115,"column":16},"end":{"line":117,"column":17}},"28":{"start":{"line":116,"column":20},"end":{"line":116,"column":41}},"29":{"start":{"line":119,"column":12},"end":{"line":121,"column":13}},"30":{"start":{"line":120,"column":16},"end":{"line":120,"column":49}},"31":{"start":{"line":122,"column":12},"end":{"line":124,"column":13}},"32":{"start":{"line":123,"column":16},"end":{"line":123,"column":46}},"33":{"start":{"line":127,"column":8},"end":{"line":148,"column":9}},"34":{"start":{"line":129,"column":43},"end":{"line":129,"column":75}},"35":{"start":{"line":130,"column":12},"end":{"line":136,"column":13}},"36":{"start":{"line":131,"column":16},"end":{"line":131,"column":48}},"37":{"start":{"line":132,"column":16},"end":{"line":132,"column":55}},"38":{"start":{"line":135,"column":16},"end":{"line":135,"column":55}},"39":{"start":{"line":137,"column":12},"end":{"line":137,"column":42}},"40":{"start":{"line":139,"column":12},"end":{"line":147,"column":13}},"41":{"start":{"line":140,"column":16},"end":{"line":140,"column":83}},"42":{"start":{"line":142,"column":47},"end":{"line":142,"column":79}},"43":{"start":{"line":143,"column":16},"end":{"line":146,"column":17}},"44":{"start":{"line":144,"column":51},"end":{"line":144,"column":85}},"45":{"start":{"line":145,"column":20},"end":{"line":145,"column":70}},"46":{"start":{"line":151,"column":4},"end":{"line":163,"column":11}},"47":{"start":{"line":152,"column":8},"end":{"line":161,"column":14}},"48":{"start":{"line":153,"column":32},"end":{"line":153,"column":47}},"49":{"start":{"line":156,"column":16},"end":{"line":156,"column":45}},"50":{"start":{"line":157,"column":41},"end":{"line":157,"column":136}},"51":{"start":{"line":157,"column":122},"end":{"line":157,"column":130}},"52":{"start":{"line":158,"column":16},"end":{"line":158,"column":52}},"53":{"start":{"line":159,"column":16},"end":{"line":159,"column":52}},"54":{"start":{"line":160,"column":16},"end":{"line":160,"column":56}},"55":{"start":{"line":166,"column":20},"end":{"line":180,"column":5}},"56":{"start":{"line":167,"column":24},"end":{"line":173,"column":9}},"57":{"start":{"line":177,"column":8},"end":{"line":177,"column":78}},"58":{"start":{"line":178,"column":8},"end":{"line":178,"column":77}},"59":{"start":{"line":182,"column":30},"end":{"line":182,"column":42}},"60":{"start":{"line":184,"column":4},"end":{"line":207,"column":11}},"61":{"start":{"line":185,"column":28},"end":{"line":185,"column":57}},"62":{"start":{"line":186,"column":8},"end":{"line":206,"column":9}},"63":{"start":{"line":187,"column":42},"end":{"line":187,"column":65}},"64":{"start":{"line":188,"column":12},"end":{"line":188,"column":44}},"65":{"start":{"line":189,"column":12},"end":{"line":189,"column":55}},"66":{"start":{"line":191,"column":12},"end":{"line":202,"column":18}},"67":{"start":{"line":192,"column":36},"end":{"line":192,"column":51}},"68":{"start":{"line":194,"column":44},"end":{"line":198,"column":23}},"69":{"start":{"line":194,"column":64},"end":{"line":198,"column":21}},"70":{"start":{"line":199,"column":20},"end":{"line":199,"column":46}},"71":{"start":{"line":200,"column":20},"end":{"line":200,"column":57}},"72":{"start":{"line":201,"column":20},"end":{"line":201,"column":83}},"73":{"start":{"line":210,"column":34},"end":{"line":210,"column":48}},"74":{"start":{"line":211,"column":4},"end":{"line":215,"column":33}},"75":{"start":{"line":212,"column":8},"end":{"line":214,"column":9}},"76":{"start":{"line":213,"column":12},"end":{"line":213,"column":30}},"77":{"start":{"line":217,"column":4},"end":{"line":219,"column":5}},"78":{"start":{"line":218,"column":8},"end":{"line":218,"column":37}},"79":{"start":{"line":222,"column":4},"end":{"line":236,"column":5}},"80":{"start":{"line":223,"column":8},"end":{"line":223,"column":34}},"81":{"start":{"line":224,"column":8},"end":{"line":224,"column":30}},"82":{"start":{"line":225,"column":8},"end":{"line":225,"column":50}},"83":{"start":{"line":226,"column":11},"end":{"line":236,"column":5}},"84":{"start":{"line":227,"column":8},"end":{"line":227,"column":54}},"85":{"start":{"line":228,"column":8},"end":{"line":228,"column":26}},"86":{"start":{"line":229,"column":8},"end":{"line":229,"column":51}},"87":{"start":{"line":230,"column":8},"end":{"line":231,"column":21}},"88":{"start":{"line":230,"column":59},"end":{"line":230,"column":83}},"89":{"start":{"line":231,"column":12},"end":{"line":231,"column":21}},"90":{"start":{"line":233,"column":8},"end":{"line":233,"column":52}},"91":{"start":{"line":234,"column":8},"end":{"line":234,"column":48}},"92":{"start":{"line":235,"column":8},"end":{"line":235,"column":50}},"93":{"start":{"line":239,"column":24},"end":{"line":246,"column":9}},"94":{"start":{"line":247,"column":8},"end":{"line":247,"column":66}},"95":{"start":{"line":248,"column":8},"end":{"line":248,"column":57}},"96":{"start":{"line":248,"column":32},"end":{"line":248,"column":55}},"97":{"start":{"line":253,"column":23},"end":{"line":253,"column":65}},"98":{"start":{"line":253,"column":44},"end":{"line":253,"column":64}},"99":{"start":{"line":254,"column":27},"end":{"line":254,"column":66}},"100":{"start":{"line":255,"column":8},"end":{"line":259,"column":10}},"101":{"start":{"line":263,"column":8},"end":{"line":276,"column":10}},"102":{"start":{"line":280,"column":18},"end":{"line":280,"column":118}},"103":{"start":{"line":281,"column":8},"end":{"line":281,"column":63}},"104":{"start":{"line":282,"column":44},"end":{"line":282,"column":59}},"105":{"start":{"line":283,"column":8},"end":{"line":352,"column":10}},"106":{"start":{"line":356,"column":22},"end":{"line":356,"column":26}},"107":{"start":{"line":358,"column":19},"end":{"line":358,"column":33}},"108":{"start":{"line":359,"column":26},"end":{"line":359,"column":49}},"109":{"start":{"line":360,"column":44},"end":{"line":360,"column":59}},"110":{"start":{"line":361,"column":48},"end":{"line":361,"column":62}},"111":{"start":{"line":362,"column":44},"end":{"line":362,"column":65}},"112":{"start":{"line":363,"column":54},"end":{"line":363,"column":64}},"113":{"start":{"line":364,"column":34},"end":{"line":364,"column":46}},"114":{"start":{"line":365,"column":32},"end":{"line":365,"column":44}},"115":{"start":{"line":366,"column":25},"end":{"line":366,"column":33}},"116":{"start":{"line":367,"column":50},"end":{"line":367,"column":65}},"117":{"start":{"line":369,"column":27},"end":{"line":380,"column":9}},"118":{"start":{"line":370,"column":12},"end":{"line":379,"column":13}},"119":{"start":{"line":372,"column":16},"end":{"line":372,"column":39}},"120":{"start":{"line":373,"column":16},"end":{"line":373,"column":40}},"121":{"start":{"line":374,"column":16},"end":{"line":374,"column":64}},"122":{"start":{"line":377,"column":16},"end":{"line":377,"column":39}},"123":{"start":{"line":378,"column":16},"end":{"line":378,"column":78}},"124":{"start":{"line":382,"column":33},"end":{"line":384,"column":9}},"125":{"start":{"line":383,"column":12},"end":{"line":383,"column":37}},"126":{"start":{"line":386,"column":33},"end":{"line":389,"column":9}},"127":{"start":{"line":387,"column":25},"end":{"line":387,"column":42}},"128":{"start":{"line":388,"column":12},"end":{"line":388,"column":34}},"129":{"start":{"line":391,"column":29},"end":{"line":394,"column":9}},"130":{"start":{"line":396,"column":28},"end":{"line":402,"column":9}},"131":{"start":{"line":397,"column":12},"end":{"line":397,"column":34}},"132":{"start":{"line":398,"column":12},"end":{"line":398,"column":25}},"133":{"start":{"line":399,"column":12},"end":{"line":399,"column":24}},"134":{"start":{"line":400,"column":12},"end":{"line":400,"column":35}},"135":{"start":{"line":401,"column":12},"end":{"line":401,"column":40}},"136":{"start":{"line":404,"column":37},"end":{"line":410,"column":9}},"137":{"start":{"line":405,"column":12},"end":{"line":409,"column":13}},"138":{"start":{"line":406,"column":16},"end":{"line":406,"column":47}},"139":{"start":{"line":407,"column":16},"end":{"line":407,"column":55}},"140":{"start":{"line":408,"column":16},"end":{"line":408,"column":63}},"141":{"start":{"line":413,"column":12},"end":{"line":413,"column":50}},"142":{"start":{"line":417,"column":8},"end":{"line":545,"column":10}},"143":{"start":{"line":453,"column":48},"end":{"line":453,"column":83}},"144":{"start":{"line":485,"column":63},"end":{"line":485,"column":88}},"145":{"start":{"line":486,"column":63},"end":{"line":486,"column":87}},"146":{"start":{"line":499,"column":52},"end":{"line":499,"column":76}},"147":{"start":{"line":500,"column":52},"end":{"line":500,"column":76}},"148":{"start":{"line":531,"column":44},"end":{"line":531,"column":76}},"149":{"start":{"line":532,"column":44},"end":{"line":532,"column":77}},"150":{"start":{"line":533,"column":44},"end":{"line":533,"column":80}},"151":{"start":{"line":534,"column":44},"end":{"line":534,"column":78}},"152":{"start":{"line":535,"column":44},"end":{"line":535,"column":69}},"153":{"start":{"line":536,"column":44},"end":{"line":536,"column":58}},"154":{"start":{"line":550,"column":44},"end":{"line":550,"column":56}},"155":{"start":{"line":551,"column":50},"end":{"line":551,"column":75}},"156":{"start":{"line":553,"column":29},"end":{"line":564,"column":9}},"157":{"start":{"line":554,"column":12},"end":{"line":562,"column":13}},"158":{"start":{"line":556,"column":16},"end":{"line":556,"column":78}},"159":{"start":{"line":556,"column":62},"end":{"line":556,"column":75}},"160":{"start":{"line":557,"column":16},"end":{"line":557,"column":82}},"161":{"start":{"line":557,"column":66},"end":{"line":557,"column":79}},"162":{"start":{"line":560,"column":16},"end":{"line":560,"column":63}},"163":{"start":{"line":561,"column":16},"end":{"line":561,"column":67}},"164":{"start":{"line":563,"column":12},"end":{"line":563,"column":36}},"165":{"start":{"line":566,"column":28},"end":{"line":574,"column":9}},"166":{"start":{"line":567,"column":29},"end":{"line":570,"column":14}},"167":{"start":{"line":568,"column":29},"end":{"line":568,"column":52}},"168":{"start":{"line":569,"column":16},"end":{"line":569,"column":57}},"169":{"start":{"line":571,"column":34},"end":{"line":571,"column":74}},"170":{"start":{"line":573,"column":12},"end":{"line":573,"column":44}},"171":{"start":{"line":576,"column":39},"end":{"line":582,"column":9}},"172":{"start":{"line":577,"column":25},"end":{"line":577,"column":39}},"173":{"start":{"line":578,"column":12},"end":{"line":578,"column":32}},"174":{"start":{"line":579,"column":12},"end":{"line":579,"column":30}},"175":{"start":{"line":580,"column":12},"end":{"line":581,"column":50}},"176":{"start":{"line":581,"column":16},"end":{"line":581,"column":50}},"177":{"start":{"line":584,"column":28},"end":{"line":594,"column":9}},"178":{"start":{"line":586,"column":12},"end":{"line":593,"column":13}},"179":{"start":{"line":587,"column":16},"end":{"line":592,"column":17}},"180":{"start":{"line":588,"column":20},"end":{"line":591,"column":21}},"181":{"start":{"line":589,"column":24},"end":{"line":589,"column":72}},"182":{"start":{"line":590,"column":24},"end":{"line":590,"column":93}},"183":{"start":{"line":596,"column":8},"end":{"line":666,"column":10}},"184":{"start":{"line":628,"column":44},"end":{"line":645,"column":51}},"185":{"start":{"line":634,"column":68},"end":{"line":634,"column":97}},"186":{"start":{"line":669,"column":26},"end":{"line":669,"column":120}},"187":{"start":{"line":669,"column":66},"end":{"line":669,"column":119}},"188":{"start":{"line":670,"column":32},"end":{"line":684,"column":6}},"189":{"start":{"line":671,"column":23},"end":{"line":671,"column":103}},"190":{"start":{"line":671,"column":71},"end":{"line":671,"column":102}},"191":{"start":{"line":672,"column":8},"end":{"line":675,"column":10}},"192":{"start":{"line":677,"column":8},"end":{"line":682,"column":9}},"193":{"start":{"line":678,"column":33},"end":{"line":678,"column":100}},"194":{"start":{"line":679,"column":32},"end":{"line":679,"column":98}},"195":{"start":{"line":680,"column":38},"end":{"line":680,"column":110}},"196":{"start":{"line":681,"column":12},"end":{"line":681,"column":68}},"197":{"start":{"line":683,"column":8},"end":{"line":683,"column":20}},"198":{"start":{"line":686,"column":4},"end":{"line":686,"column":49}},"199":{"start":{"line":688,"column":4},"end":{"line":770,"column":6}},"200":{"start":{"line":724,"column":36},"end":{"line":724,"column":66}},"201":{"start":{"line":749,"column":36},"end":{"line":757,"column":38}},"202":{"start":{"line":773,"column":24},"end":{"line":776,"column":2}},"203":{"start":{"line":773,"column":36},"end":{"line":776,"column":1}}},"fnMap":{"0":{"name":"InputLeftAddonElement","decl":{"start":{"line":52,"column":9},"end":{"line":52,"column":30}},"loc":{"start":{"line":52,"column":38},"end":{"line":54,"column":1}},"line":52},"1":{"name":"(anonymous_1)","decl":{"start":{"line":57,"column":17},"end":{"line":57,"column":18}},"loc":{"start":{"line":57,"column":28},"end":{"line":771,"column":1}},"line":57},"2":{"name":"(anonymous_2)","decl":{"start":{"line":95,"column":14},"end":{"line":95,"column":15}},"loc":{"start":{"line":95,"column":20},"end":{"line":149,"column":5}},"line":95},"3":{"name":"(anonymous_3)","decl":{"start":{"line":151,"column":14},"end":{"line":151,"column":15}},"loc":{"start":{"line":151,"column":20},"end":{"line":163,"column":5}},"line":151},"4":{"name":"(anonymous_4)","decl":{"start":{"line":153,"column":18},"end":{"line":153,"column":19}},"loc":{"start":{"line":153,"column":32},"end":{"line":153,"column":47}},"line":153},"5":{"name":"(anonymous_5)","decl":{"start":{"line":154,"column":18},"end":{"line":154,"column":19}},"loc":{"start":{"line":154,"column":28},"end":{"line":161,"column":13}},"line":154},"6":{"name":"(anonymous_6)","decl":{"start":{"line":157,"column":111},"end":{"line":157,"column":112}},"loc":{"start":{"line":157,"column":122},"end":{"line":157,"column":130}},"line":157},"7":{"name":"(anonymous_7)","decl":{"start":{"line":166,"column":20},"end":{"line":166,"column":21}},"loc":{"start":{"line":166,"column":26},"end":{"line":180,"column":5}},"line":166},"8":{"name":"(anonymous_8)","decl":{"start":{"line":184,"column":14},"end":{"line":184,"column":15}},"loc":{"start":{"line":184,"column":20},"end":{"line":207,"column":5}},"line":184},"9":{"name":"(anonymous_9)","decl":{"start":{"line":192,"column":22},"end":{"line":192,"column":23}},"loc":{"start":{"line":192,"column":36},"end":{"line":192,"column":51}},"line":192},"10":{"name":"(anonymous_10)","decl":{"start":{"line":193,"column":22},"end":{"line":193,"column":23}},"loc":{"start":{"line":193,"column":32},"end":{"line":202,"column":17}},"line":193},"11":{"name":"(anonymous_11)","decl":{"start":{"line":194,"column":53},"end":{"line":194,"column":54}},"loc":{"start":{"line":194,"column":64},"end":{"line":198,"column":21}},"line":194},"12":{"name":"(anonymous_12)","decl":{"start":{"line":211,"column":14},"end":{"line":211,"column":15}},"loc":{"start":{"line":211,"column":20},"end":{"line":215,"column":5}},"line":211},"13":{"name":"(anonymous_13)","decl":{"start":{"line":230,"column":51},"end":{"line":230,"column":52}},"loc":{"start":{"line":230,"column":59},"end":{"line":230,"column":83}},"line":230},"14":{"name":"addNewPost","decl":{"start":{"line":238,"column":13},"end":{"line":238,"column":23}},"loc":{"start":{"line":238,"column":37},"end":{"line":249,"column":5}},"line":238},"15":{"name":"(anonymous_15)","decl":{"start":{"line":248,"column":17},"end":{"line":248,"column":18}},"loc":{"start":{"line":248,"column":32},"end":{"line":248,"column":55}},"line":248},"16":{"name":"ResponsiveCard","decl":{"start":{"line":252,"column":13},"end":{"line":252,"column":27}},"loc":{"start":{"line":252,"column":88},"end":{"line":260,"column":5}},"line":252},"17":{"name":"(anonymous_17)","decl":{"start":{"line":253,"column":34},"end":{"line":253,"column":35}},"loc":{"start":{"line":253,"column":44},"end":{"line":253,"column":64}},"line":253},"18":{"name":"CommentCard","decl":{"start":{"line":262,"column":13},"end":{"line":262,"column":24}},"loc":{"start":{"line":262,"column":27},"end":{"line":277,"column":5}},"line":262},"19":{"name":"PostCard","decl":{"start":{"line":279,"column":13},"end":{"line":279,"column":21}},"loc":{"start":{"line":279,"column":75},"end":{"line":353,"column":5}},"line":279},"20":{"name":"ProfileCard","decl":{"start":{"line":355,"column":13},"end":{"line":355,"column":24}},"loc":{"start":{"line":355,"column":27},"end":{"line":546,"column":5}},"line":355},"21":{"name":"(anonymous_21)","decl":{"start":{"line":369,"column":27},"end":{"line":369,"column":28}},"loc":{"start":{"line":369,"column":33},"end":{"line":380,"column":9}},"line":369},"22":{"name":"(anonymous_22)","decl":{"start":{"line":382,"column":33},"end":{"line":382,"column":34}},"loc":{"start":{"line":382,"column":39},"end":{"line":384,"column":9}},"line":382},"23":{"name":"(anonymous_23)","decl":{"start":{"line":386,"column":33},"end":{"line":386,"column":34}},"loc":{"start":{"line":386,"column":40},"end":{"line":389,"column":9}},"line":386},"24":{"name":"(anonymous_24)","decl":{"start":{"line":391,"column":29},"end":{"line":391,"column":30}},"loc":{"start":{"line":391,"column":35},"end":{"line":394,"column":9}},"line":391},"25":{"name":"(anonymous_25)","decl":{"start":{"line":396,"column":28},"end":{"line":396,"column":29}},"loc":{"start":{"line":396,"column":34},"end":{"line":402,"column":9}},"line":396},"26":{"name":"(anonymous_26)","decl":{"start":{"line":404,"column":37},"end":{"line":404,"column":38}},"loc":{"start":{"line":404,"column":43},"end":{"line":410,"column":9}},"line":404},"27":{"name":"toProfile","decl":{"start":{"line":412,"column":17},"end":{"line":412,"column":26}},"loc":{"start":{"line":412,"column":29},"end":{"line":414,"column":9}},"line":412},"28":{"name":"(anonymous_28)","decl":{"start":{"line":452,"column":44},"end":{"line":452,"column":45}},"loc":{"start":{"line":452,"column":51},"end":{"line":454,"column":45}},"line":452},"29":{"name":"(anonymous_29)","decl":{"start":{"line":484,"column":59},"end":{"line":484,"column":60}},"loc":{"start":{"line":484,"column":66},"end":{"line":487,"column":60}},"line":484},"30":{"name":"(anonymous_30)","decl":{"start":{"line":498,"column":58},"end":{"line":498,"column":59}},"loc":{"start":{"line":498,"column":65},"end":{"line":501,"column":49}},"line":498},"31":{"name":"(anonymous_31)","decl":{"start":{"line":530,"column":49},"end":{"line":530,"column":50}},"loc":{"start":{"line":530,"column":54},"end":{"line":537,"column":41}},"line":530},"32":{"name":"FollowCard","decl":{"start":{"line":548,"column":13},"end":{"line":548,"column":23}},"loc":{"start":{"line":548,"column":45},"end":{"line":667,"column":5}},"line":548},"33":{"name":"(anonymous_33)","decl":{"start":{"line":553,"column":29},"end":{"line":553,"column":30}},"loc":{"start":{"line":553,"column":41},"end":{"line":564,"column":9}},"line":553},"34":{"name":"(anonymous_34)","decl":{"start":{"line":556,"column":56},"end":{"line":556,"column":57}},"loc":{"start":{"line":556,"column":62},"end":{"line":556,"column":75}},"line":556},"35":{"name":"(anonymous_35)","decl":{"start":{"line":557,"column":60},"end":{"line":557,"column":61}},"loc":{"start":{"line":557,"column":66},"end":{"line":557,"column":79}},"line":557},"36":{"name":"(anonymous_36)","decl":{"start":{"line":566,"column":28},"end":{"line":566,"column":29}},"loc":{"start":{"line":566,"column":38},"end":{"line":574,"column":9}},"line":566},"37":{"name":"(anonymous_37)","decl":{"start":{"line":567,"column":52},"end":{"line":567,"column":53}},"loc":{"start":{"line":567,"column":62},"end":{"line":570,"column":13}},"line":567},"38":{"name":"(anonymous_38)","decl":{"start":{"line":576,"column":39},"end":{"line":576,"column":40}},"loc":{"start":{"line":576,"column":46},"end":{"line":582,"column":9}},"line":576},"39":{"name":"(anonymous_39)","decl":{"start":{"line":584,"column":28},"end":{"line":584,"column":29}},"loc":{"start":{"line":584,"column":34},"end":{"line":594,"column":9}},"line":584},"40":{"name":"(anonymous_40)","decl":{"start":{"line":627,"column":59},"end":{"line":627,"column":60}},"loc":{"start":{"line":628,"column":44},"end":{"line":645,"column":51}},"line":628},"41":{"name":"(anonymous_41)","decl":{"start":{"line":634,"column":62},"end":{"line":634,"column":63}},"loc":{"start":{"line":634,"column":68},"end":{"line":634,"column":97}},"line":634},"42":{"name":"(anonymous_42)","decl":{"start":{"line":669,"column":56},"end":{"line":669,"column":57}},"loc":{"start":{"line":669,"column":66},"end":{"line":669,"column":119}},"line":669},"43":{"name":"(anonymous_43)","decl":{"start":{"line":670,"column":50},"end":{"line":670,"column":51}},"loc":{"start":{"line":670,"column":68},"end":{"line":676,"column":5}},"line":670},"44":{"name":"(anonymous_44)","decl":{"start":{"line":671,"column":61},"end":{"line":671,"column":62}},"loc":{"start":{"line":671,"column":71},"end":{"line":671,"column":102}},"line":671},"45":{"name":"(anonymous_45)","decl":{"start":{"line":676,"column":14},"end":{"line":676,"column":15}},"loc":{"start":{"line":676,"column":32},"end":{"line":684,"column":5}},"line":676},"46":{"name":"(anonymous_46)","decl":{"start":{"line":723,"column":42},"end":{"line":723,"column":43}},"loc":{"start":{"line":723,"column":49},"end":{"line":725,"column":33}},"line":723},"47":{"name":"(anonymous_47)","decl":{"start":{"line":748,"column":68},"end":{"line":748,"column":69}},"loc":{"start":{"line":749,"column":36},"end":{"line":757,"column":38}},"line":749},"48":{"name":"(anonymous_48)","decl":{"start":{"line":773,"column":24},"end":{"line":773,"column":25}},"loc":{"start":{"line":773,"column":36},"end":{"line":776,"column":1}},"line":773}},"branchMap":{"0":{"loc":{"start":{"line":96,"column":8},"end":{"line":125,"column":9}},"type":"if","locations":[{"start":{"line":96,"column":8},"end":{"line":125,"column":9}},{"start":{},"end":{}}],"line":96},"1":{"loc":{"start":{"line":99,"column":12},"end":{"line":118,"column":13}},"type":"if","locations":[{"start":{"line":99,"column":12},"end":{"line":118,"column":13}},{"start":{"line":109,"column":19},"end":{"line":118,"column":13}}],"line":99},"2":{"loc":{"start":{"line":104,"column":16},"end":{"line":108,"column":40}},"type":"if","locations":[{"start":{"line":104,"column":16},"end":{"line":108,"column":40}},{"start":{"line":108,"column":20},"end":{"line":108,"column":40}}],"line":104},"3":{"loc":{"start":{"line":112,"column":16},"end":{"line":114,"column":17}},"type":"if","locations":[{"start":{"line":112,"column":16},"end":{"line":114,"column":17}},{"start":{},"end":{}}],"line":112},"4":{"loc":{"start":{"line":115,"column":16},"end":{"line":117,"column":17}},"type":"if","locations":[{"start":{"line":115,"column":16},"end":{"line":117,"column":17}},{"start":{},"end":{}}],"line":115},"5":{"loc":{"start":{"line":119,"column":12},"end":{"line":121,"column":13}},"type":"if","locations":[{"start":{"line":119,"column":12},"end":{"line":121,"column":13}},{"start":{},"end":{}}],"line":119},"6":{"loc":{"start":{"line":122,"column":12},"end":{"line":124,"column":13}},"type":"if","locations":[{"start":{"line":122,"column":12},"end":{"line":124,"column":13}},{"start":{},"end":{}}],"line":122},"7":{"loc":{"start":{"line":127,"column":8},"end":{"line":148,"column":9}},"type":"if","locations":[{"start":{"line":127,"column":8},"end":{"line":148,"column":9}},{"start":{},"end":{}}],"line":127},"8":{"loc":{"start":{"line":130,"column":12},"end":{"line":136,"column":13}},"type":"if","locations":[{"start":{"line":130,"column":12},"end":{"line":136,"column":13}},{"start":{"line":134,"column":17},"end":{"line":136,"column":13}}],"line":130},"9":{"loc":{"start":{"line":139,"column":12},"end":{"line":147,"column":13}},"type":"if","locations":[{"start":{"line":139,"column":12},"end":{"line":147,"column":13}},{"start":{"line":141,"column":19},"end":{"line":147,"column":13}}],"line":139},"10":{"loc":{"start":{"line":139,"column":16},"end":{"line":139,"column":78}},"type":"binary-expr","locations":[{"start":{"line":139,"column":16},"end":{"line":139,"column":32}},{"start":{"line":139,"column":36},"end":{"line":139,"column":78}}],"line":139},"11":{"loc":{"start":{"line":143,"column":16},"end":{"line":146,"column":17}},"type":"if","locations":[{"start":{"line":143,"column":16},"end":{"line":146,"column":17}},{"start":{},"end":{}}],"line":143},"12":{"loc":{"start":{"line":157,"column":41},"end":{"line":157,"column":136}},"type":"cond-expr","locations":[{"start":{"line":157,"column":62},"end":{"line":157,"column":131}},{"start":{"line":157,"column":134},"end":{"line":157,"column":136}}],"line":157},"13":{"loc":{"start":{"line":186,"column":8},"end":{"line":206,"column":9}},"type":"if","locations":[{"start":{"line":186,"column":8},"end":{"line":206,"column":9}},{"start":{"line":190,"column":15},"end":{"line":206,"column":9}}],"line":186},"14":{"loc":{"start":{"line":212,"column":8},"end":{"line":214,"column":9}},"type":"if","locations":[{"start":{"line":212,"column":8},"end":{"line":214,"column":9}},{"start":{},"end":{}}],"line":212},"15":{"loc":{"start":{"line":212,"column":12},"end":{"line":212,"column":137}},"type":"binary-expr","locations":[{"start":{"line":212,"column":12},"end":{"line":212,"column":25}},{"start":{"line":212,"column":29},"end":{"line":212,"column":54}},{"start":{"line":212,"column":58},"end":{"line":212,"column":91}},{"start":{"line":212,"column":95},"end":{"line":212,"column":137}}],"line":212},"16":{"loc":{"start":{"line":217,"column":4},"end":{"line":219,"column":5}},"type":"if","locations":[{"start":{"line":217,"column":4},"end":{"line":219,"column":5}},{"start":{},"end":{}}],"line":217},"17":{"loc":{"start":{"line":222,"column":4},"end":{"line":236,"column":5}},"type":"if","locations":[{"start":{"line":222,"column":4},"end":{"line":236,"column":5}},{"start":{"line":226,"column":11},"end":{"line":236,"column":5}}],"line":222},"18":{"loc":{"start":{"line":226,"column":11},"end":{"line":236,"column":5}},"type":"if","locations":[{"start":{"line":226,"column":11},"end":{"line":236,"column":5}},{"start":{"line":232,"column":11},"end":{"line":236,"column":5}}],"line":226},"19":{"loc":{"start":{"line":230,"column":8},"end":{"line":231,"column":21}},"type":"if","locations":[{"start":{"line":230,"column":8},"end":{"line":231,"column":21}},{"start":{},"end":{}}],"line":230},"20":{"loc":{"start":{"line":254,"column":27},"end":{"line":254,"column":66}},"type":"cond-expr","locations":[{"start":{"line":254,"column":36},"end":{"line":254,"column":47}},{"start":{"line":254,"column":50},"end":{"line":254,"column":66}}],"line":254},"21":{"loc":{"start":{"line":280,"column":18},"end":{"line":280,"column":118}},"type":"cond-expr","locations":[{"start":{"line":280,"column":34},"end":{"line":280,"column":40}},{"start":{"line":280,"column":43},"end":{"line":280,"column":118}}],"line":280},"22":{"loc":{"start":{"line":281,"column":20},"end":{"line":281,"column":63}},"type":"cond-expr","locations":[{"start":{"line":281,"column":39},"end":{"line":281,"column":51}},{"start":{"line":281,"column":54},"end":{"line":281,"column":63}}],"line":281},"23":{"loc":{"start":{"line":370,"column":12},"end":{"line":379,"column":13}},"type":"if","locations":[{"start":{"line":370,"column":12},"end":{"line":379,"column":13}},{"start":{"line":375,"column":19},"end":{"line":379,"column":13}}],"line":370},"24":{"loc":{"start":{"line":370,"column":16},"end":{"line":370,"column":57}},"type":"binary-expr","locations":[{"start":{"line":370,"column":16},"end":{"line":370,"column":35}},{"start":{"line":370,"column":39},"end":{"line":370,"column":57}}],"line":370},"25":{"loc":{"start":{"line":405,"column":12},"end":{"line":409,"column":13}},"type":"if","locations":[{"start":{"line":405,"column":12},"end":{"line":409,"column":13}},{"start":{},"end":{}}],"line":405},"26":{"loc":{"start":{"line":510,"column":45},"end":{"line":512,"column":45}},"type":"binary-expr","locations":[{"start":{"line":510,"column":45},"end":{"line":510,"column":58}},{"start":{"line":511,"column":48},"end":{"line":511,"column":120}}],"line":510},"27":{"loc":{"start":{"line":554,"column":12},"end":{"line":562,"column":13}},"type":"if","locations":[{"start":{"line":554,"column":12},"end":{"line":562,"column":13}},{"start":{"line":558,"column":19},"end":{"line":562,"column":13}}],"line":554},"28":{"loc":{"start":{"line":571,"column":34},"end":{"line":571,"column":74}},"type":"cond-expr","locations":[{"start":{"line":571,"column":56},"end":{"line":571,"column":69}},{"start":{"line":571,"column":72},"end":{"line":571,"column":74}}],"line":571},"29":{"loc":{"start":{"line":580,"column":12},"end":{"line":581,"column":50}},"type":"if","locations":[{"start":{"line":580,"column":12},"end":{"line":581,"column":50}},{"start":{},"end":{}}],"line":580},"30":{"loc":{"start":{"line":586,"column":12},"end":{"line":593,"column":13}},"type":"if","locations":[{"start":{"line":586,"column":12},"end":{"line":593,"column":13}},{"start":{},"end":{}}],"line":586},"31":{"loc":{"start":{"line":588,"column":20},"end":{"line":591,"column":21}},"type":"if","locations":[{"start":{"line":588,"column":20},"end":{"line":591,"column":21}},{"start":{},"end":{}}],"line":588},"32":{"loc":{"start":{"line":674,"column":24},"end":{"line":674,"column":63}},"type":"cond-expr","locations":[{"start":{"line":674,"column":33},"end":{"line":674,"column":44}},{"start":{"line":674,"column":47},"end":{"line":674,"column":63}}],"line":674},"33":{"loc":{"start":{"line":677,"column":8},"end":{"line":682,"column":9}},"type":"if","locations":[{"start":{"line":677,"column":8},"end":{"line":682,"column":9}},{"start":{},"end":{}}],"line":677},"34":{"loc":{"start":{"line":681,"column":19},"end":{"line":681,"column":67}},"type":"binary-expr","locations":[{"start":{"line":681,"column":19},"end":{"line":681,"column":31}},{"start":{"line":681,"column":35},"end":{"line":681,"column":46}},{"start":{"line":681,"column":50},"end":{"line":681,"column":67}}],"line":681}},"s":{"0":0,"1":4,"2":4,"3":30,"4":29,"5":29,"6":29,"7":29,"8":29,"9":29,"10":29,"11":29,"12":29,"13":29,"14":12,"15":3,"16":3,"17":3,"18":3,"19":3,"20":3,"21":2,"22":1,"23":0,"24":0,"25":0,"26":0,"27":0,"28":0,"29":3,"30":3,"31":3,"32":3,"33":12,"34":2,"35":2,"36":1,"37":1,"38":1,"39":2,"40":2,"41":2,"42":0,"43":0,"44":0,"45":0,"46":29,"47":12,"48":7,"49":7,"50":7,"51":3,"52":7,"53":7,"54":7,"55":29,"56":2,"57":2,"58":2,"59":29,"60":29,"61":12,"62":12,"63":5,"64":5,"65":5,"66":7,"67":2,"68":2,"69":8,"70":2,"71":2,"72":2,"73":29,"74":29,"75":12,"76":12,"77":29,"78":12,"79":17,"80":3,"81":3,"82":3,"83":14,"84":2,"85":2,"86":2,"87":2,"88":4,"89":2,"90":12,"91":12,"92":12,"93":1,"94":1,"95":1,"96":1,"97":19,"98":43,"99":19,"100":19,"101":0,"102":19,"103":19,"104":19,"105":19,"106":24,"107":24,"108":24,"109":24,"110":24,"111":24,"112":24,"113":24,"114":24,"115":24,"116":24,"117":24,"118":2,"119":1,"120":1,"121":1,"122":1,"123":1,"124":24,"125":1,"126":24,"127":0,"128":0,"129":24,"130":24,"131":1,"132":1,"133":1,"134":1,"135":1,"136":24,"137":1,"138":1,"139":1,"140":1,"141":3,"142":24,"143":1,"144":1,"145":1,"146":1,"147":1,"148":1,"149":1,"150":1,"151":1,"152":1,"153":1,"154":18,"155":18,"156":18,"157":2,"158":1,"159":2,"160":1,"161":2,"162":1,"163":1,"164":2,"165":18,"166":3,"167":12,"168":12,"169":3,"170":3,"171":18,"172":1,"173":1,"174":1,"175":1,"176":0,"177":18,"178":1,"179":1,"180":1,"181":1,"182":1,"183":18,"184":62,"185":2,"186":17,"187":51,"188":17,"189":21,"190":48,"191":21,"192":21,"193":3,"194":3,"195":3,"196":3,"197":18,"198":17,"199":17,"200":1,"201":19,"202":4,"203":66},"f":{"0":0,"1":30,"2":12,"3":12,"4":7,"5":7,"6":3,"7":2,"8":12,"9":2,"10":2,"11":8,"12":12,"13":4,"14":1,"15":1,"16":19,"17":43,"18":0,"19":19,"20":24,"21":2,"22":1,"23":0,"24":0,"25":1,"26":1,"27":3,"28":1,"29":1,"30":1,"31":1,"32":18,"33":2,"34":2,"35":2,"36":3,"37":12,"38":1,"39":1,"40":62,"41":2,"42":51,"43":21,"44":48,"45":21,"46":1,"47":19,"48":66},"b":{"0":[3,9],"1":[3,0],"2":[2,1],"3":[0,0],"4":[0,0],"5":[3,0],"6":[3,0],"7":[2,10],"8":[1,1],"9":[2,0],"10":[2,2],"11":[0,0],"12":[1,6],"13":[5,7],"14":[12,0],"15":[12,0,0,0],"16":[12,17],"17":[3,14],"18":[2,12],"19":[2,0],"20":[19,0],"21":[3,16],"22":[16,3],"23":[1,1],"24":[2,1],"25":[1,0],"26":[24,1],"27":[1,1],"28":[3,0],"29":[0,1],"30":[1,0],"31":[1,0],"32":[21,0],"33":[3,18],"34":[3,2,2]},"_coverageSchema":"1a1c01bbd47fc00a2c39e90264f33305004495a9","hash":"d3f9e1c3d19f6a1c005cfb58bf261d32134dfeb3"}
}
