TN:
SF:src/App.js
FN:13,App
FNF:1
FNH:1
FNDA:1,App
DA:15,1
LF:1
LH:1
BRF:0
BRH:0
end_of_record
TN:
SF:src/index.js
FNF:0
FNH:0
DA:12,0
DA:13,0
DA:25,0
LF:3
LH:0
BRF:0
BRH:0
end_of_record
TN:
SF:src/reducers.js
FN:19,(anonymous_0)
FNF:1
FNH:1
FNDA:107,(anonymous_0)
DA:6,4
DA:19,4
DA:20,107
DA:22,0
DA:24,15
DA:26,1
DA:29,23
DA:32,6
DA:35,3
DA:37,11
DA:39,17
DA:41,19
DA:43,1
DA:45,1
DA:47,6
DA:49,4
DA:54,4
LF:17
LH:16
BRDA:19,0,0,4
BRDA:20,1,0,0
BRDA:20,1,1,15
BRDA:20,1,2,1
BRDA:20,1,3,23
BRDA:20,1,4,6
BRDA:20,1,5,3
BRDA:20,1,6,11
BRDA:20,1,7,17
BRDA:20,1,8,19
BRDA:20,1,9,1
BRDA:20,1,10,1
BRDA:20,1,11,6
BRDA:20,1,12,4
BRF:14
BRH:13
end_of_record
TN:
SF:src/reportWebVitals.js
FN:1,(anonymous_0)
FN:3,(anonymous_1)
FNF:2
FNH:0
FNDA:0,(anonymous_0)
FNDA:0,(anonymous_1)
DA:1,0
DA:2,0
DA:3,0
DA:4,0
DA:5,0
DA:6,0
DA:7,0
DA:8,0
LF:8
LH:0
BRDA:2,0,0,0
BRDA:2,0,1,0
BRDA:2,1,0,0
BRDA:2,1,1,0
BRF:4
BRH:0
end_of_record
TN:
SF:src/store.js
FNF:0
FNH:0
LF:0
LH:0
BRF:0
BRH:0
end_of_record
TN:
SF:src/actions/actionTypes.js
FNF:0
FNH:0
DA:2,4
DA:3,4
DA:4,4
DA:5,4
DA:6,4
DA:7,4
DA:8,4
DA:9,4
DA:10,4
DA:11,4
DA:12,4
DA:13,4
LF:12
LH:12
BRF:0
BRH:0
end_of_record
TN:
SF:src/actions/actions.js
FN:5,(anonymous_0)
FN:9,(anonymous_1)
FN:14,(anonymous_2)
FN:19,(anonymous_3)
FN:24,(anonymous_4)
FN:29,(anonymous_5)
FN:34,(anonymous_6)
FN:39,(anonymous_7)
FN:44,(anonymous_8)
FN:49,(anonymous_9)
FN:54,(anonymous_10)
FN:58,(anonymous_11)
FNF:12
FNH:11
FNDA:0,(anonymous_0)
FNDA:15,(anonymous_1)
FNDA:1,(anonymous_2)
FNDA:23,(anonymous_3)
FNDA:3,(anonymous_4)
FNDA:6,(anonymous_5)
FNDA:11,(anonymous_6)
FNDA:17,(anonymous_7)
FNDA:19,(anonymous_8)
FNDA:1,(anonymous_9)
FNDA:1,(anonymous_10)
FNDA:6,(anonymous_11)
DA:5,4
DA:9,15
DA:14,4
DA:19,23
DA:24,4
DA:29,6
DA:34,11
DA:39,17
DA:44,19
DA:49,4
DA:54,4
DA:58,6
LF:12
LH:12
BRF:0
BRH:0
end_of_record
TN:
SF:src/components/LoginPage.js
FN:9,(anonymous_0)
FN:15,(anonymous_1)
FN:17,(anonymous_2)
FN:18,(anonymous_3)
FN:21,(anonymous_4)
FN:24,(anonymous_5)
FN:25,(anonymous_6)
FN:68,(anonymous_7)
FN:72,(anonymous_8)
FN:78,(anonymous_9)
FN:81,(anonymous_10)
FN:122,(anonymous_11)
FN:140,(anonymous_12)
FN:149,(anonymous_13)
FNF:14
FNH:13
FNDA:43,(anonymous_0)
FNDA:9,(anonymous_1)
FNDA:2,(anonymous_2)
FNDA:2,(anonymous_3)
FNDA:0,(anonymous_4)
FNDA:4,(anonymous_5)
FNDA:8,(anonymous_6)
FNDA:2,(anonymous_7)
FNDA:27,(anonymous_8)
FNDA:6,(anonymous_9)
FNDA:12,(anonymous_10)
FNDA:5,(anonymous_11)
FNDA:6,(anonymous_12)
FNDA:3,(anonymous_13)
DA:9,4
DA:10,43
DA:11,43
DA:12,43
DA:13,43
DA:15,43
DA:16,9
DA:17,2
DA:19,2
DA:21,0
DA:24,43
DA:25,8
DA:26,4
DA:29,3
DA:31,3
DA:32,3
DA:33,3
DA:34,3
DA:35,3
DA:38,1
DA:39,1
DA:44,43
DA:57,43
DA:68,43
DA:69,2
DA:72,43
DA:73,27
DA:74,27
DA:75,27
DA:78,43
DA:79,6
DA:81,12
DA:82,6
DA:83,0
DA:84,0
DA:85,0
DA:88,6
DA:89,1
DA:90,1
DA:91,1
DA:94,5
DA:95,2
DA:98,3
DA:99,1
DA:100,1
DA:101,1
DA:104,2
DA:114,2
DA:115,2
DA:116,2
DA:118,2
DA:119,2
DA:122,43
DA:123,5
DA:124,5
DA:125,5
DA:126,5
DA:127,5
DA:128,1
DA:129,1
DA:130,1
DA:132,4
DA:133,1
DA:134,1
DA:135,1
DA:137,3
DA:140,43
DA:142,6
DA:143,1
DA:144,1
DA:146,5
DA:149,43
DA:150,3
DA:151,1
DA:152,1
DA:154,2
DA:157,43
DA:158,18
DA:209,25
LF:79
LH:75
BRDA:26,0,0,3
BRDA:26,0,1,1
BRDA:26,1,0,4
BRDA:26,1,1,3
BRDA:26,1,2,3
BRDA:69,2,0,2
BRDA:69,2,1,0
BRDA:82,3,0,0
BRDA:82,3,1,6
BRDA:88,4,0,1
BRDA:88,4,1,5
BRDA:94,5,0,2
BRDA:94,5,1,3
BRDA:98,6,0,1
BRDA:98,6,1,2
BRDA:127,7,0,1
BRDA:127,7,1,4
BRDA:127,8,0,5
BRDA:127,8,1,4
BRDA:132,9,0,1
BRDA:132,9,1,3
BRDA:142,10,0,1
BRDA:142,10,1,5
BRDA:150,11,0,1
BRDA:150,11,1,2
BRDA:157,12,0,18
BRDA:157,12,1,25
BRF:27
BRH:25
end_of_record
TN:
SF:src/components/Profile.js
FN:14,(anonymous_0)
FN:29,(anonymous_1)
FN:79,(anonymous_2)
FN:106,validateName
FN:111,(anonymous_4)
FN:115,(anonymous_5)
FN:120,(anonymous_6)
FN:127,(anonymous_7)
FN:130,(anonymous_8)
FN:135,(anonymous_9)
FN:169,(anonymous_10)
FN:171,(anonymous_11)
FN:175,(anonymous_12)
FN:181,CurrentInfo
FN:228,backToMain
FN:345,(anonymous_15)
FNF:16
FNH:15
FNDA:21,(anonymous_0)
FNDA:8,(anonymous_1)
FNDA:8,(anonymous_2)
FNDA:2,validateName
FNDA:2,(anonymous_4)
FNDA:1,(anonymous_5)
FNDA:1,(anonymous_6)
FNDA:1,(anonymous_7)
FNDA:0,(anonymous_8)
FNDA:2,(anonymous_9)
FNDA:5,(anonymous_10)
FNDA:5,(anonymous_11)
FNDA:5,(anonymous_12)
FNDA:13,CurrentInfo
FNDA:1,backToMain
FNDA:10,(anonymous_15)
DA:14,4
DA:15,21
DA:16,21
DA:17,21
DA:18,21
DA:19,21
DA:20,21
DA:21,21
DA:23,21
DA:29,21
DA:30,8
DA:31,7
DA:33,1
DA:34,1
DA:35,1
DA:36,1
DA:37,1
DA:40,8
DA:41,4
DA:43,4
DA:44,4
DA:45,1
DA:46,1
DA:51,21
DA:60,21
DA:69,21
DA:78,21
DA:79,21
DA:80,8
DA:81,8
DA:85,21
DA:86,8
DA:89,13
DA:90,1
DA:91,1
DA:92,1
DA:93,12
DA:94,1
DA:95,1
DA:96,1
DA:98,11
DA:99,11
DA:100,11
DA:102,13
DA:107,2
DA:108,2
DA:111,13
DA:112,2
DA:114,2
DA:115,1
DA:116,1
DA:119,2
DA:120,1
DA:121,1
DA:124,2
DA:127,13
DA:128,1
DA:130,13
DA:131,0
DA:132,0
DA:135,13
DA:136,2
DA:137,2
DA:138,1
DA:146,1
DA:147,1
DA:150,1
DA:151,1
DA:154,1
DA:157,1
DA:169,13
DA:170,5
DA:171,5
DA:175,5
DA:182,13
DA:229,1
DA:232,13
DA:345,10
LF:78
LH:76
BRDA:30,0,0,7
BRDA:30,0,1,1
BRDA:34,1,0,1
BRDA:34,1,1,0
BRDA:40,2,0,4
BRDA:40,2,1,4
BRDA:40,3,0,8
BRDA:40,3,1,8
BRDA:44,4,0,1
BRDA:44,4,1,3
BRDA:80,5,0,8
BRDA:80,5,1,0
BRDA:80,6,0,8
BRDA:80,6,1,1
BRDA:85,7,0,8
BRDA:85,7,1,13
BRDA:89,8,0,1
BRDA:89,8,1,12
BRDA:93,9,0,1
BRDA:93,9,1,11
BRDA:102,10,0,6
BRDA:102,10,1,7
BRDA:114,11,0,1
BRDA:114,11,1,1
BRDA:114,12,0,2
BRDA:114,12,1,2
BRDA:119,13,0,1
BRDA:119,13,1,1
BRDA:137,14,0,1
BRDA:137,14,1,1
BRDA:140,15,0,1
BRDA:140,15,1,1
BRDA:141,16,0,1
BRDA:141,16,1,0
BRDA:142,17,0,1
BRDA:142,17,1,0
BRDA:143,18,0,1
BRDA:143,18,1,0
BRDA:146,19,0,1
BRDA:146,19,1,0
BRDA:150,20,0,1
BRDA:150,20,1,0
BRF:42
BRH:35
end_of_record
TN:
SF:src/components/mainPage.js
FN:52,InputLeftAddonElement
FN:57,(anonymous_1)
FN:95,(anonymous_2)
FN:151,(anonymous_3)
FN:153,(anonymous_4)
FN:154,(anonymous_5)
FN:157,(anonymous_6)
FN:166,(anonymous_7)
FN:184,(anonymous_8)
FN:192,(anonymous_9)
FN:193,(anonymous_10)
FN:194,(anonymous_11)
FN:211,(anonymous_12)
FN:230,(anonymous_13)
FN:238,addNewPost
FN:248,(anonymous_15)
FN:252,ResponsiveCard
FN:253,(anonymous_17)
FN:262,CommentCard
FN:279,PostCard
FN:355,ProfileCard
FN:369,(anonymous_21)
FN:382,(anonymous_22)
FN:386,(anonymous_23)
FN:391,(anonymous_24)
FN:396,(anonymous_25)
FN:404,(anonymous_26)
FN:412,toProfile
FN:452,(anonymous_28)
FN:484,(anonymous_29)
FN:498,(anonymous_30)
FN:530,(anonymous_31)
FN:548,FollowCard
FN:553,(anonymous_33)
FN:556,(anonymous_34)
FN:557,(anonymous_35)
FN:566,(anonymous_36)
FN:567,(anonymous_37)
FN:576,(anonymous_38)
FN:584,(anonymous_39)
FN:627,(anonymous_40)
FN:634,(anonymous_41)
FN:669,(anonymous_42)
FN:670,(anonymous_43)
FN:671,(anonymous_44)
FN:676,(anonymous_45)
FN:723,(anonymous_46)
FN:748,(anonymous_47)
FN:773,(anonymous_48)
FNF:49
FNH:45
FNDA:0,InputLeftAddonElement
FNDA:30,(anonymous_1)
FNDA:12,(anonymous_2)
FNDA:12,(anonymous_3)
FNDA:7,(anonymous_4)
FNDA:7,(anonymous_5)
FNDA:3,(anonymous_6)
FNDA:2,(anonymous_7)
FNDA:12,(anonymous_8)
FNDA:2,(anonymous_9)
FNDA:2,(anonymous_10)
FNDA:8,(anonymous_11)
FNDA:12,(anonymous_12)
FNDA:4,(anonymous_13)
FNDA:1,addNewPost
FNDA:1,(anonymous_15)
FNDA:19,ResponsiveCard
FNDA:43,(anonymous_17)
FNDA:0,CommentCard
FNDA:19,PostCard
FNDA:24,ProfileCard
FNDA:2,(anonymous_21)
FNDA:1,(anonymous_22)
FNDA:0,(anonymous_23)
FNDA:0,(anonymous_24)
FNDA:1,(anonymous_25)
FNDA:1,(anonymous_26)
FNDA:3,toProfile
FNDA:1,(anonymous_28)
FNDA:1,(anonymous_29)
FNDA:1,(anonymous_30)
FNDA:1,(anonymous_31)
FNDA:18,FollowCard
FNDA:2,(anonymous_33)
FNDA:2,(anonymous_34)
FNDA:2,(anonymous_35)
FNDA:3,(anonymous_36)
FNDA:12,(anonymous_37)
FNDA:1,(anonymous_38)
FNDA:1,(anonymous_39)
FNDA:62,(anonymous_40)
FNDA:2,(anonymous_41)
FNDA:51,(anonymous_42)
FNDA:21,(anonymous_43)
FNDA:48,(anonymous_44)
FNDA:21,(anonymous_45)
FNDA:1,(anonymous_46)
FNDA:19,(anonymous_47)
FNDA:66,(anonymous_48)
DA:53,0
DA:56,4
DA:57,4
DA:58,30
DA:59,29
DA:60,29
DA:61,29
DA:62,29
DA:63,29
DA:64,29
DA:65,29
DA:66,29
DA:72,29
DA:95,29
DA:96,12
DA:99,3
DA:100,3
DA:101,3
DA:102,3
DA:103,3
DA:104,3
DA:105,2
DA:108,1
DA:110,0
DA:111,0
DA:112,0
DA:113,0
DA:115,0
DA:116,0
DA:119,3
DA:120,3
DA:122,3
DA:123,3
DA:127,12
DA:129,2
DA:130,2
DA:131,1
DA:132,1
DA:135,1
DA:137,2
DA:139,2
DA:140,2
DA:142,0
DA:143,0
DA:144,0
DA:145,0
DA:151,29
DA:152,12
DA:153,7
DA:156,7
DA:157,7
DA:158,7
DA:159,7
DA:160,7
DA:166,29
DA:167,2
DA:177,2
DA:178,2
DA:182,29
DA:184,29
DA:185,12
DA:186,12
DA:187,5
DA:188,5
DA:189,5
DA:191,7
DA:192,2
DA:194,8
DA:199,2
DA:200,2
DA:201,2
DA:210,29
DA:211,29
DA:212,12
DA:213,12
DA:217,29
DA:218,12
DA:222,17
DA:223,3
DA:224,3
DA:225,3
DA:226,14
DA:227,2
DA:228,2
DA:229,2
DA:230,4
DA:231,2
DA:233,12
DA:234,12
DA:235,12
DA:239,1
DA:247,1
DA:248,1
DA:253,43
DA:254,19
DA:255,19
DA:263,0
DA:280,19
DA:281,19
DA:282,19
DA:283,19
DA:356,24
DA:358,24
DA:359,24
DA:360,24
DA:361,24
DA:362,24
DA:363,24
DA:364,24
DA:365,24
DA:366,24
DA:367,24
DA:369,24
DA:370,2
DA:372,1
DA:373,1
DA:374,1
DA:377,1
DA:378,1
DA:382,24
DA:383,1
DA:386,24
DA:387,0
DA:388,0
DA:391,24
DA:396,24
DA:397,1
DA:398,1
DA:399,1
DA:400,1
DA:401,1
DA:404,24
DA:405,1
DA:406,1
DA:407,1
DA:408,1
DA:413,3
DA:417,24
DA:453,1
DA:485,1
DA:486,1
DA:499,1
DA:500,1
DA:531,1
DA:532,1
DA:533,1
DA:534,1
DA:535,1
DA:536,1
DA:550,18
DA:551,18
DA:553,18
DA:554,2
DA:556,2
DA:557,2
DA:560,1
DA:561,1
DA:563,2
DA:566,18
DA:567,3
DA:568,12
DA:569,12
DA:571,3
DA:573,3
DA:576,18
DA:577,1
DA:578,1
DA:579,1
DA:580,1
DA:581,0
DA:584,18
DA:586,1
DA:587,1
DA:588,1
DA:589,1
DA:590,1
DA:596,18
DA:628,62
DA:634,2
DA:669,51
DA:670,17
DA:671,48
DA:672,21
DA:677,21
DA:678,3
DA:679,3
DA:680,3
DA:681,3
DA:683,18
DA:686,17
DA:688,17
DA:724,1
DA:749,19
DA:773,66
LF:194
LH:179
BRDA:96,0,0,3
BRDA:96,0,1,9
BRDA:99,1,0,3
BRDA:99,1,1,0
BRDA:104,2,0,2
BRDA:104,2,1,1
BRDA:112,3,0,0
BRDA:112,3,1,0
BRDA:115,4,0,0
BRDA:115,4,1,0
BRDA:119,5,0,3
BRDA:119,5,1,0
BRDA:122,6,0,3
BRDA:122,6,1,0
BRDA:127,7,0,2
BRDA:127,7,1,10
BRDA:130,8,0,1
BRDA:130,8,1,1
BRDA:139,9,0,2
BRDA:139,9,1,0
BRDA:139,10,0,2
BRDA:139,10,1,2
BRDA:143,11,0,0
BRDA:143,11,1,0
BRDA:157,12,0,1
BRDA:157,12,1,6
BRDA:186,13,0,5
BRDA:186,13,1,7
BRDA:212,14,0,12
BRDA:212,14,1,0
BRDA:212,15,0,12
BRDA:212,15,1,0
BRDA:212,15,2,0
BRDA:212,15,3,0
BRDA:217,16,0,12
BRDA:217,16,1,17
BRDA:222,17,0,3
BRDA:222,17,1,14
BRDA:226,18,0,2
BRDA:226,18,1,12
BRDA:230,19,0,2
BRDA:230,19,1,0
BRDA:254,20,0,19
BRDA:254,20,1,0
BRDA:280,21,0,3
BRDA:280,21,1,16
BRDA:281,22,0,16
BRDA:281,22,1,3
BRDA:370,23,0,1
BRDA:370,23,1,1
BRDA:370,24,0,2
BRDA:370,24,1,1
BRDA:405,25,0,1
BRDA:405,25,1,0
BRDA:510,26,0,24
BRDA:510,26,1,1
BRDA:554,27,0,1
BRDA:554,27,1,1
BRDA:571,28,0,3
BRDA:571,28,1,0
BRDA:580,29,0,0
BRDA:580,29,1,1
BRDA:586,30,0,1
BRDA:586,30,1,0
BRDA:588,31,0,1
BRDA:588,31,1,0
BRDA:674,32,0,21
BRDA:674,32,1,0
BRDA:677,33,0,3
BRDA:677,33,1,18
BRDA:681,34,0,3
BRDA:681,34,1,2
BRDA:681,34,2,2
BRF:73
BRH:51
end_of_record
